{"meta": {"format": 3, "version": "7.13.4", "timestamp": "2026-03-23T19:08:42.197726", "branch_coverage": false, "show_contexts": false}, "files": {"src\\axon\\__init__.py": {"executed_lines": [3], "summary": {"covered_lines": 1, "num_statements": 1, "percent_covered": 100.0, "percent_covered_display": "100", "missing_lines": 0, "excluded_lines": 0, "percent_statements_covered": 100.0, "percent_statements_covered_display": "100"}, "missing_lines": [], "excluded_lines": [], "functions": {"": {"executed_lines": [3], "summary": {"covered_lines": 1, "num_statements": 1, "percent_covered": 100.0, "percent_covered_display": "100", "missing_lines": 0, "excluded_lines": 0, "percent_statements_covered": 100.0, "percent_statements_covered_display": "100"}, "missing_lines": [], "excluded_lines": [], "start_line": 1}}, "classes": {"": {"executed_lines": [3], "summary": {"covered_lines": 1, "num_statements": 1, "percent_covered": 100.0, "percent_covered_display": "100", "missing_lines": 0, "excluded_lines": 0, "percent_statements_covered": 100.0, "percent_statements_covered_display": "100"}, "missing_lines": [], "excluded_lines": [], "start_line": 1}}}, "src\\axon\\cli\\__init__.py": {"executed_lines": [], "summary": {"covered_lines": 0, "num_statements": 0, "percent_covered": 100.0, "percent_covered_display": "100", "missing_lines": 0, "excluded_lines": 0, "percent_statements_covered": 100.0, "percent_statements_covered_display": "100"}, "missing_lines": [], "excluded_lines": [], "functions": {"": {"executed_lines": [], "summary": {"covered_lines": 0, "num_statements": 0, "percent_covered": 100.0, "percent_covered_display": "100", "missing_lines": 0, "excluded_lines": 0, "percent_statements_covered": 100.0, "percent_statements_covered_display": "100"}, "missing_lines": [], "excluded_lines": [], "start_line": 1}}, "classes": {"": {"executed_lines": [], "summary": {"covered_lines": 0, "num_statements": 0, "percent_covered": 100.0, "percent_covered_display": "100", "missing_lines": 0, "excluded_lines": 0, "percent_statements_covered": 100.0, "percent_statements_covered_display": "100"}, "missing_lines": [], "excluded_lines": [], "start_line": 1}}}, "src\\axon\\cli\\main.py": {"executed_lines": [3, 5, 6, 7, 8, 9, 10, 11, 12, 13, 14, 15, 16, 17, 18, 19, 20, 21, 23, 24, 25, 26, 27, 28, 29, 31, 32, 33, 34, 35, 36, 37, 38, 39, 40, 42, 43, 44, 45, 46, 47, 48, 49, 51, 52, 53, 54, 55, 58, 65, 69, 70, 71, 72, 73, 74, 77, 78, 81, 91, 97, 106, 121, 122, 123, 124, 125, 126, 132, 138, 139, 141, 142, 143, 144, 145, 146, 147, 148, 149, 150, 151, 154, 155, 156, 157, 158, 159, 160, 161, 162, 166, 167, 169, 170, 171, 176, 195, 199, 200, 203, 207, 212, 222, 244, 250, 251, 252, 253, 254, 259, 260, 263, 264, 265, 268, 276, 295, 309, 318, 354, 378, 384, 385, 386, 387, 389, 390, 402, 405, 442, 456, 567, 568, 634, 635, 637, 638, 640, 641, 644, 646, 647, 649, 650, 651, 652, 653, 654, 656, 657, 658, 660, 661, 662, 665, 666, 668, 669, 671, 672, 676, 677, 679, 680, 683, 685, 686, 687, 688, 689, 691, 692, 694, 695, 700, 701, 702, 703, 705, 706, 710, 711, 712, 713, 715, 716, 721, 722, 723, 724, 726, 727, 729, 730, 731, 732, 734, 735, 739, 740, 741, 742, 744, 745, 750, 755, 756, 757, 758, 759, 760, 762, 763, 764, 765, 767, 769, 770, 800, 801, 814, 815, 817, 820, 821, 844, 845, 849, 850, 851, 853, 854, 855, 856, 862, 867, 868, 870, 873, 874, 886, 887, 888, 889, 890, 891, 894, 895, 896, 923, 924, 930, 934, 938, 939, 941, 944, 966, 969], "summary": {"covered_lines": 260, "num_statements": 557, "percent_covered": 46.6786355475763, "percent_covered_display": "47", "missing_lines": 297, "excluded_lines": 0, "percent_statements_covered": 46.6786355475763, "percent_statements_covered_display": "47"}, "missing_lines": [60, 61, 62, 66, 82, 83, 84, 85, 86, 87, 88, 92, 93, 94, 98, 99, 100, 101, 102, 103, 107, 108, 109, 110, 111, 112, 113, 115, 116, 117, 118, 163, 164, 177, 196, 204, 208, 209, 213, 214, 215, 216, 217, 218, 219, 230, 231, 232, 241, 245, 246, 247, 269, 270, 271, 272, 273, 277, 278, 279, 280, 281, 282, 283, 284, 285, 286, 287, 288, 289, 291, 292, 296, 297, 298, 299, 300, 301, 302, 303, 304, 305, 306, 310, 311, 312, 313, 314, 315, 327, 338, 339, 341, 342, 343, 344, 345, 364, 365, 366, 368, 369, 370, 371, 372, 373, 374, 375, 414, 415, 417, 418, 421, 423, 425, 426, 428, 429, 430, 431, 432, 433, 434, 435, 436, 437, 439, 444, 445, 446, 447, 448, 449, 451, 452, 453, 472, 473, 474, 475, 476, 477, 478, 480, 481, 482, 483, 492, 493, 495, 507, 508, 510, 511, 512, 513, 514, 515, 516, 517, 519, 521, 522, 528, 529, 531, 532, 533, 535, 536, 537, 538, 539, 540, 541, 542, 543, 544, 545, 546, 547, 549, 550, 552, 553, 554, 555, 556, 557, 559, 560, 561, 562, 564, 565, 573, 574, 575, 576, 578, 580, 581, 582, 584, 585, 587, 588, 594, 596, 597, 599, 606, 607, 608, 610, 611, 612, 613, 615, 616, 617, 618, 619, 620, 621, 622, 623, 624, 625, 626, 627, 628, 629, 630, 632, 659, 663, 772, 773, 774, 775, 777, 778, 780, 781, 782, 783, 784, 785, 786, 787, 788, 789, 791, 793, 794, 795, 796, 798, 805, 806, 807, 808, 809, 810, 812, 830, 863, 864, 865, 898, 899, 902, 903, 904, 905, 907, 921, 925, 928, 935, 936, 940, 942, 945, 946, 949, 950, 952, 953, 954, 956, 961, 962, 963, 964, 970], "excluded_lines": [], "functions": {"_load_storage": {"executed_lines": [52, 53, 54, 55, 58], "summary": {"covered_lines": 5, "num_statements": 8, "percent_covered": 62.5, "percent_covered_display": "62", "missing_lines": 3, "excluded_lines": 0, "percent_statements_covered": 62.5, "percent_statements_covered_display": "62"}, "missing_lines": [60, 61, 62], "excluded_lines": [], "start_line": 51}, "_update_cache_path": {"executed_lines": [], "summary": {"covered_lines": 0, "num_statements": 1, "percent_covered": 0.0, "percent_covered_display": "0", "missing_lines": 1, "excluded_lines": 0, "percent_statements_covered": 0.0, "percent_statements_covered_display": "0"}, "missing_lines": [66], "excluded_lines": [], "start_line": 65}, "_parse_version_parts": {"executed_lines": [70, 71, 72, 73, 74], "summary": {"covered_lines": 5, "num_statements": 5, "percent_covered": 100.0, "percent_covered_display": "100", "missing_lines": 0, "excluded_lines": 0, "percent_statements_covered": 100.0, "percent_statements_covered_display": "100"}, "missing_lines": [], "excluded_lines": [], "start_line": 69}, "_is_newer_version": {"executed_lines": [78], "summary": {"covered_lines": 1, "num_statements": 1, "percent_covered": 100.0, "percent_covered_display": "100", "missing_lines": 0, "excluded_lines": 0, "percent_statements_covered": 100.0, "percent_statements_covered_display": "100"}, "missing_lines": [], "excluded_lines": [], "start_line": 77}, "_read_update_cache": {"executed_lines": [], "summary": {"covered_lines": 0, "num_statements": 7, "percent_covered": 0.0, "percent_covered_display": "0", "missing_lines": 7, "excluded_lines": 0, "percent_statements_covered": 0.0, "percent_statements_covered_display": "0"}, "missing_lines": [82, 83, 84, 85, 86, 87, 88], "excluded_lines": [], "start_line": 81}, "_write_update_cache": {"executed_lines": [], "summary": {"covered_lines": 0, "num_statements": 3, "percent_covered": 0.0, "percent_covered_display": "0", "missing_lines": 3, "excluded_lines": 0, "percent_statements_covered": 0.0, "percent_statements_covered_display": "0"}, "missing_lines": [92, 93, 94], "excluded_lines": [], "start_line": 91}, "_fetch_latest_version": {"executed_lines": [], "summary": {"covered_lines": 0, "num_statements": 6, "percent_covered": 0.0, "percent_covered_display": "0", "missing_lines": 6, "excluded_lines": 0, "percent_statements_covered": 0.0, "percent_statements_covered_display": "0"}, "missing_lines": [98, 99, 100, 101, 102, 103], "excluded_lines": [], "start_line": 97}, "_get_latest_version": {"executed_lines": [], "summary": {"covered_lines": 0, "num_statements": 11, "percent_covered": 0.0, "percent_covered_display": "0", "missing_lines": 11, "excluded_lines": 0, "percent_statements_covered": 0.0, "percent_statements_covered_display": "0"}, "missing_lines": [107, 108, 109, 110, 111, 112, 113, 115, 116, 117, 118], "excluded_lines": [], "start_line": 106}, "_maybe_notify_update": {"executed_lines": [122, 123, 124, 125, 126], "summary": {"covered_lines": 5, "num_statements": 5, "percent_covered": 100.0, "percent_covered_display": "100", "missing_lines": 0, "excluded_lines": 0, "percent_statements_covered": 100.0, "percent_statements_covered_display": "100"}, "missing_lines": [], "excluded_lines": [], "start_line": 121}, "_register_in_global_registry": {"executed_lines": [138, 139, 141, 142, 143, 144, 145, 146, 147, 148, 149, 150, 151, 154, 155, 156, 157, 158, 159, 160, 161, 162, 166, 167, 169, 170, 171], "summary": {"covered_lines": 27, "num_statements": 29, "percent_covered": 93.10344827586206, "percent_covered_display": "93", "missing_lines": 2, "excluded_lines": 0, "percent_statements_covered": 93.10344827586206, "percent_statements_covered_display": "93"}, "missing_lines": [163, 164], "excluded_lines": [], "start_line": 132}, "_build_meta": {"executed_lines": [], "summary": {"covered_lines": 0, "num_statements": 1, "percent_covered": 0.0, "percent_covered_display": "0", "missing_lines": 1, "excluded_lines": 0, "percent_statements_covered": 0.0, "percent_statements_covered_display": "0"}, "missing_lines": [177], "excluded_lines": [], "start_line": 176}, "_host_meta_path": {"executed_lines": [], "summary": {"covered_lines": 0, "num_statements": 1, "percent_covered": 0.0, "percent_covered_display": "0", "missing_lines": 1, "excluded_lines": 0, "percent_statements_covered": 0.0, "percent_statements_covered_display": "0"}, "missing_lines": [196], "excluded_lines": [], "start_line": 195}, "_host_lease_dir": {"executed_lines": [200], "summary": {"covered_lines": 1, "num_statements": 1, "percent_covered": 100.0, "percent_covered_display": "100", "missing_lines": 0, "excluded_lines": 0, "percent_statements_covered": 100.0, "percent_statements_covered_display": "100"}, "missing_lines": [], "excluded_lines": [], "start_line": 199}, "_display_host": {"executed_lines": [], "summary": {"covered_lines": 0, "num_statements": 1, "percent_covered": 0.0, "percent_covered_display": "0", "missing_lines": 1, "excluded_lines": 0, "percent_statements_covered": 0.0, "percent_statements_covered_display": "0"}, "missing_lines": [204], "excluded_lines": [], "start_line": 203}, "_build_host_urls": {"executed_lines": [], "summary": {"covered_lines": 0, "num_statements": 2, "percent_covered": 0.0, "percent_covered_display": "0", "missing_lines": 2, "excluded_lines": 0, "percent_statements_covered": 0.0, "percent_statements_covered_display": "0"}, "missing_lines": [208, 209], "excluded_lines": [], "start_line": 207}, "_read_host_meta": {"executed_lines": [], "summary": {"covered_lines": 0, "num_statements": 7, "percent_covered": 0.0, "percent_covered_display": "0", "missing_lines": 7, "excluded_lines": 0, "percent_statements_covered": 0.0, "percent_statements_covered_display": "0"}, "missing_lines": [213, 214, 215, 216, 217, 218, 219], "excluded_lines": [], "start_line": 212}, "_write_host_meta": {"executed_lines": [], "summary": {"covered_lines": 0, "num_statements": 4, "percent_covered": 0.0, "percent_covered_display": "0", "missing_lines": 4, "excluded_lines": 0, "percent_statements_covered": 0.0, "percent_statements_covered_display": "0"}, "missing_lines": [230, 231, 232, 241], "excluded_lines": [], "start_line": 222}, "_clear_host_meta": {"executed_lines": [], "summary": {"covered_lines": 0, "num_statements": 3, "percent_covered": 0.0, "percent_covered_display": "0", "missing_lines": 3, "excluded_lines": 0, "percent_statements_covered": 0.0, "percent_statements_covered_display": "0"}, "missing_lines": [245, 246, 247], "excluded_lines": [], "start_line": 244}, "_create_host_lease": {"executed_lines": [251, 252, 253, 254, 259, 260], "summary": {"covered_lines": 6, "num_statements": 6, "percent_covered": 100.0, "percent_covered_display": "100", "missing_lines": 0, "excluded_lines": 0, "percent_statements_covered": 100.0, "percent_statements_covered_display": "100"}, "missing_lines": [], "excluded_lines": [], "start_line": 250}, "_remove_host_lease": {"executed_lines": [264, 265], "summary": {"covered_lines": 2, "num_statements": 2, "percent_covered": 100.0, "percent_covered_display": "100", "missing_lines": 0, "excluded_lines": 0, "percent_statements_covered": 100.0, "percent_statements_covered_display": "100"}, "missing_lines": [], "excluded_lines": [], "start_line": 263}, "_pid_is_alive": {"executed_lines": [], "summary": {"covered_lines": 0, "num_statements": 5, "percent_covered": 0.0, "percent_covered_display": "0", "missing_lines": 5, "excluded_lines": 0, "percent_statements_covered": 0.0, "percent_statements_covered_display": "0"}, "missing_lines": [269, 270, 271, 272, 273], "excluded_lines": [], "start_line": 268}, "_count_live_host_leases": {"executed_lines": [], "summary": {"covered_lines": 0, "num_statements": 15, "percent_covered": 0.0, "percent_covered_display": "0", "missing_lines": 15, "excluded_lines": 0, "percent_statements_covered": 0.0, "percent_statements_covered_display": "0"}, "missing_lines": [277, 278, 279, 280, 281, 282, 283, 284, 285, 286, 287, 288, 289, 291, 292], "excluded_lines": [], "start_line": 276}, "_is_host_alive": {"executed_lines": [], "summary": {"covered_lines": 0, "num_statements": 11, "percent_covered": 0.0, "percent_covered_display": "0", "missing_lines": 11, "excluded_lines": 0, "percent_statements_covered": 0.0, "percent_statements_covered_display": "0"}, "missing_lines": [296, 297, 298, 299, 300, 301, 302, 303, 304, 305, 306], "excluded_lines": [], "start_line": 295}, "_get_live_host_info": {"executed_lines": [], "summary": {"covered_lines": 0, "num_statements": 6, "percent_covered": 0.0, "percent_covered_display": "0", "missing_lines": 6, "excluded_lines": 0, "percent_statements_covered": 0.0, "percent_statements_covered_display": "0"}, "missing_lines": [310, 311, 312, 313, 314, 315], "excluded_lines": [], "start_line": 309}, "_start_host_background": {"executed_lines": [], "summary": {"covered_lines": 0, "num_statements": 8, "percent_covered": 0.0, "percent_covered_display": "0", "missing_lines": 8, "excluded_lines": 0, "percent_statements_covered": 0.0, "percent_statements_covered_display": "0"}, "missing_lines": [327, 338, 339, 341, 342, 343, 344, 345], "excluded_lines": [], "start_line": 318}, "_ensure_host_running": {"executed_lines": [], "summary": {"covered_lines": 0, "num_statements": 11, "percent_covered": 0.0, "percent_covered_display": "0", "missing_lines": 11, "excluded_lines": 0, "percent_statements_covered": 0.0, "percent_statements_covered_display": "0"}, "missing_lines": [364, 365, 366, 368, 369, 370, 371, 372, 373, 374, 375], "excluded_lines": [], "start_line": 354}, "_version_callback": {"executed_lines": [385, 386, 387], "summary": {"covered_lines": 3, "num_statements": 3, "percent_covered": 100.0, "percent_covered_display": "100", "missing_lines": 0, "excluded_lines": 0, "percent_statements_covered": 100.0, "percent_statements_covered_display": "100"}, "missing_lines": [], "excluded_lines": [], "start_line": 384}, "main": {"executed_lines": [402], "summary": {"covered_lines": 1, "num_statements": 1, "percent_covered": 100.0, "percent_covered_display": "100", "missing_lines": 0, "excluded_lines": 0, "percent_statements_covered": 100.0, "percent_statements_covered_display": "100"}, "missing_lines": [], "excluded_lines": [], "start_line": 390}, "_initialize_writable_storage": {"executed_lines": [], "summary": {"covered_lines": 0, "num_statements": 19, "percent_covered": 0.0, "percent_covered_display": "0", "missing_lines": 19, "excluded_lines": 0, "percent_statements_covered": 0.0, "percent_statements_covered_display": "0"}, "missing_lines": [414, 415, 417, 418, 421, 423, 425, 426, 428, 429, 430, 431, 432, 433, 434, 435, 436, 437, 439], "excluded_lines": [], "start_line": 405}, "_proxy_stdio_to_http_mcp": {"executed_lines": [], "summary": {"covered_lines": 0, "num_statements": 6, "percent_covered": 0.0, "percent_covered_display": "0", "missing_lines": 6, "excluded_lines": 0, "percent_statements_covered": 0.0, "percent_statements_covered_display": "0"}, "missing_lines": [444, 445, 446, 451, 452, 453], "excluded_lines": [], "start_line": 442}, "_proxy_stdio_to_http_mcp._forward": {"executed_lines": [], "summary": {"covered_lines": 0, "num_statements": 3, "percent_covered": 0.0, "percent_covered_display": "0", "missing_lines": 3, "excluded_lines": 0, "percent_statements_covered": 0.0, "percent_statements_covered_display": "0"}, "missing_lines": [447, 448, 449], "excluded_lines": [], "start_line": 446}, "_run_shared_host": {"executed_lines": [], "summary": {"covered_lines": 0, "num_statements": 32, "percent_covered": 0.0, "percent_covered_display": "0", "missing_lines": 32, "excluded_lines": 0, "percent_statements_covered": 0.0, "percent_statements_covered_display": "0"}, "missing_lines": [472, 473, 474, 475, 476, 477, 478, 480, 481, 482, 483, 492, 493, 495, 507, 508, 510, 511, 512, 513, 514, 515, 516, 517, 519, 521, 559, 560, 561, 562, 564, 565], "excluded_lines": [], "start_line": 456}, "_run_shared_host._run": {"executed_lines": [], "summary": {"covered_lines": 0, "num_statements": 11, "percent_covered": 0.0, "percent_covered_display": "0", "missing_lines": 11, "excluded_lines": 0, "percent_statements_covered": 0.0, "percent_statements_covered_display": "0"}, "missing_lines": [522, 528, 529, 531, 535, 552, 553, 554, 555, 556, 557], "excluded_lines": [], "start_line": 521}, "_run_shared_host._run._serve": {"executed_lines": [], "summary": {"covered_lines": 0, "num_statements": 2, "percent_covered": 0.0, "percent_covered_display": "0", "missing_lines": 2, "excluded_lines": 0, "percent_statements_covered": 0.0, "percent_statements_covered_display": "0"}, "missing_lines": [532, 533], "excluded_lines": [], "start_line": 531}, "_run_shared_host._run._managed_shutdown": {"executed_lines": [], "summary": {"covered_lines": 0, "num_statements": 14, "percent_covered": 0.0, "percent_covered_display": "0", "missing_lines": 14, "excluded_lines": 0, "percent_statements_covered": 0.0, "percent_statements_covered_display": "0"}, "missing_lines": [536, 537, 538, 539, 540, 541, 542, 543, 544, 545, 546, 547, 549, 550], "excluded_lines": [], "start_line": 535}, "analyze": {"executed_lines": [], "summary": {"covered_lines": 0, "num_statements": 39, "percent_covered": 0.0, "percent_covered_display": "0", "missing_lines": 39, "excluded_lines": 0, "percent_statements_covered": 0.0, "percent_statements_covered_display": "0"}, "missing_lines": [573, 574, 575, 576, 578, 580, 581, 582, 584, 585, 587, 588, 594, 596, 599, 606, 607, 608, 610, 611, 612, 613, 615, 616, 617, 618, 619, 620, 621, 622, 623, 624, 625, 626, 627, 628, 629, 630, 632], "excluded_lines": [], "start_line": 568}, "analyze.on_progress": {"executed_lines": [], "summary": {"covered_lines": 0, "num_statements": 1, "percent_covered": 0.0, "percent_covered_display": "0", "missing_lines": 1, "excluded_lines": 0, "percent_statements_covered": 0.0, "percent_statements_covered_display": "0"}, "missing_lines": [597], "excluded_lines": [], "start_line": 596}, "status": {"executed_lines": [637, 638, 640, 641, 644, 646, 647, 649, 650, 651, 652, 653, 654, 656, 657, 658, 660, 661, 662], "summary": {"covered_lines": 19, "num_statements": 21, "percent_covered": 90.47619047619048, "percent_covered_display": "90", "missing_lines": 2, "excluded_lines": 0, "percent_statements_covered": 90.47619047619048, "percent_statements_covered_display": "90"}, "missing_lines": [659, 663], "excluded_lines": [], "start_line": 635}, "list_repos": {"executed_lines": [668, 669], "summary": {"covered_lines": 2, "num_statements": 2, "percent_covered": 100.0, "percent_covered_display": "100", "missing_lines": 0, "excluded_lines": 0, "percent_statements_covered": 100.0, "percent_statements_covered_display": "100"}, "missing_lines": [], "excluded_lines": [], "start_line": 666}, "clean": {"executed_lines": [676, 677, 679, 680, 683, 685, 686, 687, 688, 689, 691, 692], "summary": {"covered_lines": 12, "num_statements": 12, "percent_covered": 100.0, "percent_covered_display": "100", "missing_lines": 0, "excluded_lines": 0, "percent_statements_covered": 100.0, "percent_statements_covered_display": "100"}, "missing_lines": [], "excluded_lines": [], "start_line": 672}, "query": {"executed_lines": [700, 701, 702, 703], "summary": {"covered_lines": 4, "num_statements": 4, "percent_covered": 100.0, "percent_covered_display": "100", "missing_lines": 0, "excluded_lines": 0, "percent_statements_covered": 100.0, "percent_statements_covered_display": "100"}, "missing_lines": [], "excluded_lines": [], "start_line": 695}, "context": {"executed_lines": [710, 711, 712, 713], "summary": {"covered_lines": 4, "num_statements": 4, "percent_covered": 100.0, "percent_covered_display": "100", "missing_lines": 0, "excluded_lines": 0, "percent_statements_covered": 100.0, "percent_statements_covered_display": "100"}, "missing_lines": [], "excluded_lines": [], "start_line": 706}, "impact": {"executed_lines": [721, 722, 723, 724], "summary": {"covered_lines": 4, "num_statements": 4, "percent_covered": 100.0, "percent_covered_display": "100", "missing_lines": 0, "excluded_lines": 0, "percent_statements_covered": 100.0, "percent_statements_covered_display": "100"}, "missing_lines": [], "excluded_lines": [], "start_line": 716}, "dead_code": {"executed_lines": [729, 730, 731, 732], "summary": {"covered_lines": 4, "num_statements": 4, "percent_covered": 100.0, "percent_covered_display": "100", "missing_lines": 0, "excluded_lines": 0, "percent_statements_covered": 100.0, "percent_statements_covered_display": "100"}, "missing_lines": [], "excluded_lines": [], "start_line": 727}, "cypher": {"executed_lines": [739, 740, 741, 742], "summary": {"covered_lines": 4, "num_statements": 4, "percent_covered": 100.0, "percent_covered_display": "100", "missing_lines": 0, "excluded_lines": 0, "percent_statements_covered": 100.0, "percent_statements_covered_display": "100"}, "missing_lines": [], "excluded_lines": [], "start_line": 735}, "setup": {"executed_lines": [750, 755, 756, 757, 758, 759, 760, 762, 763, 764, 765, 767], "summary": {"covered_lines": 12, "num_statements": 12, "percent_covered": 100.0, "percent_covered_display": "100", "missing_lines": 0, "excluded_lines": 0, "percent_statements_covered": 100.0, "percent_statements_covered_display": "100"}, "missing_lines": [], "excluded_lines": [], "start_line": 745}, "watch": {"executed_lines": [], "summary": {"covered_lines": 0, "num_statements": 22, "percent_covered": 0.0, "percent_covered_display": "0", "missing_lines": 22, "excluded_lines": 0, "percent_statements_covered": 0.0, "percent_statements_covered_display": "0"}, "missing_lines": [772, 773, 774, 775, 777, 778, 780, 781, 782, 783, 784, 785, 786, 787, 788, 789, 791, 793, 794, 795, 796, 798], "excluded_lines": [], "start_line": 770}, "diff": {"executed_lines": [], "summary": {"covered_lines": 0, "num_statements": 7, "percent_covered": 0.0, "percent_covered_display": "0", "missing_lines": 7, "excluded_lines": 0, "percent_statements_covered": 0.0, "percent_statements_covered_display": "0"}, "missing_lines": [805, 806, 807, 808, 809, 810, 812], "excluded_lines": [], "start_line": 801}, "mcp": {"executed_lines": [817], "summary": {"covered_lines": 1, "num_statements": 1, "percent_covered": 100.0, "percent_covered_display": "100", "missing_lines": 0, "excluded_lines": 0, "percent_statements_covered": 100.0, "percent_statements_covered_display": "100"}, "missing_lines": [], "excluded_lines": [], "start_line": 815}, "host": {"executed_lines": [], "summary": {"covered_lines": 0, "num_statements": 1, "percent_covered": 0.0, "percent_covered_display": "0", "missing_lines": 1, "excluded_lines": 0, "percent_statements_covered": 0.0, "percent_statements_covered_display": "0"}, "missing_lines": [830], "excluded_lines": [], "start_line": 821}, "serve": {"executed_lines": [849, 850, 851, 853, 854, 855, 856, 862, 867, 868, 870], "summary": {"covered_lines": 11, "num_statements": 14, "percent_covered": 78.57142857142857, "percent_covered_display": "79", "missing_lines": 3, "excluded_lines": 0, "percent_statements_covered": 78.57142857142857, "percent_statements_covered_display": "79"}, "missing_lines": [863, 864, 865], "excluded_lines": [], "start_line": 845}, "ui": {"executed_lines": [886, 887, 888, 889, 890, 891, 894, 895, 896, 923, 924, 930, 934, 938, 939, 941, 944, 966], "summary": {"covered_lines": 18, "num_statements": 37, "percent_covered": 48.648648648648646, "percent_covered_display": "49", "missing_lines": 19, "excluded_lines": 0, "percent_statements_covered": 48.648648648648646, "percent_statements_covered_display": "49"}, "missing_lines": [898, 899, 902, 903, 904, 905, 907, 921, 925, 928, 935, 936, 940, 942, 945, 961, 962, 963, 964], "excluded_lines": [], "start_line": 874}, "ui._run": {"executed_lines": [], "summary": {"covered_lines": 0, "num_statements": 5, "percent_covered": 0.0, "percent_covered_display": "0", "missing_lines": 5, "excluded_lines": 0, "percent_statements_covered": 0.0, "percent_statements_covered_display": "0"}, "missing_lines": [946, 949, 950, 952, 956], "excluded_lines": [], "start_line": 945}, "ui._run._serve": {"executed_lines": [], "summary": {"covered_lines": 0, "num_statements": 2, "percent_covered": 0.0, "percent_covered_display": "0", "missing_lines": 2, "excluded_lines": 0, "percent_statements_covered": 0.0, "percent_statements_covered_display": "0"}, "missing_lines": [953, 954], "excluded_lines": [], "start_line": 952}, "": {"executed_lines": [3, 5, 6, 7, 8, 9, 10, 11, 12, 13, 14, 15, 16, 17, 18, 19, 20, 21, 23, 24, 25, 26, 27, 28, 29, 31, 32, 33, 34, 35, 36, 37, 38, 39, 40, 42, 43, 44, 45, 46, 47, 48, 49, 51, 65, 69, 77, 81, 91, 97, 106, 121, 132, 176, 195, 199, 203, 207, 212, 222, 244, 250, 263, 268, 276, 295, 309, 318, 354, 378, 384, 389, 390, 405, 442, 456, 567, 568, 634, 635, 665, 666, 671, 672, 694, 695, 705, 706, 715, 716, 726, 727, 734, 735, 744, 745, 769, 770, 800, 801, 814, 815, 820, 821, 844, 845, 873, 874, 969], "summary": {"covered_lines": 109, "num_statements": 110, "percent_covered": 99.0909090909091, "percent_covered_display": "99", "missing_lines": 1, "excluded_lines": 0, "percent_statements_covered": 99.0909090909091, "percent_statements_covered_display": "99"}, "missing_lines": [970], "excluded_lines": [], "start_line": 1}}, "classes": {"": {"executed_lines": [3, 5, 6, 7, 8, 9, 10, 11, 12, 13, 14, 15, 16, 17, 18, 19, 20, 21, 23, 24, 25, 26, 27, 28, 29, 31, 32, 33, 34, 35, 36, 37, 38, 39, 40, 42, 43, 44, 45, 46, 47, 48, 49, 51, 52, 53, 54, 55, 58, 65, 69, 70, 71, 72, 73, 74, 77, 78, 81, 91, 97, 106, 121, 122, 123, 124, 125, 126, 132, 138, 139, 141, 142, 143, 144, 145, 146, 147, 148, 149, 150, 151, 154, 155, 156, 157, 158, 159, 160, 161, 162, 166, 167, 169, 170, 171, 176, 195, 199, 200, 203, 207, 212, 222, 244, 250, 251, 252, 253, 254, 259, 260, 263, 264, 265, 268, 276, 295, 309, 318, 354, 378, 384, 385, 386, 387, 389, 390, 402, 405, 442, 456, 567, 568, 634, 635, 637, 638, 640, 641, 644, 646, 647, 649, 650, 651, 652, 653, 654, 656, 657, 658, 660, 661, 662, 665, 666, 668, 669, 671, 672, 676, 677, 679, 680, 683, 685, 686, 687, 688, 689, 691, 692, 694, 695, 700, 701, 702, 703, 705, 706, 710, 711, 712, 713, 715, 716, 721, 722, 723, 724, 726, 727, 729, 730, 731, 732, 734, 735, 739, 740, 741, 742, 744, 745, 750, 755, 756, 757, 758, 759, 760, 762, 763, 764, 765, 767, 769, 770, 800, 801, 814, 815, 817, 820, 821, 844, 845, 849, 850, 851, 853, 854, 855, 856, 862, 867, 868, 870, 873, 874, 886, 887, 888, 889, 890, 891, 894, 895, 896, 923, 924, 930, 934, 938, 939, 941, 944, 966, 969], "summary": {"covered_lines": 260, "num_statements": 557, "percent_covered": 46.6786355475763, "percent_covered_display": "47", "missing_lines": 297, "excluded_lines": 0, "percent_statements_covered": 46.6786355475763, "percent_statements_covered_display": "47"}, "missing_lines": [60, 61, 62, 66, 82, 83, 84, 85, 86, 87, 88, 92, 93, 94, 98, 99, 100, 101, 102, 103, 107, 108, 109, 110, 111, 112, 113, 115, 116, 117, 118, 163, 164, 177, 196, 204, 208, 209, 213, 214, 215, 216, 217, 218, 219, 230, 231, 232, 241, 245, 246, 247, 269, 270, 271, 272, 273, 277, 278, 279, 280, 281, 282, 283, 284, 285, 286, 287, 288, 289, 291, 292, 296, 297, 298, 299, 300, 301, 302, 303, 304, 305, 306, 310, 311, 312, 313, 314, 315, 327, 338, 339, 341, 342, 343, 344, 345, 364, 365, 366, 368, 369, 370, 371, 372, 373, 374, 375, 414, 415, 417, 418, 421, 423, 425, 426, 428, 429, 430, 431, 432, 433, 434, 435, 436, 437, 439, 444, 445, 446, 447, 448, 449, 451, 452, 453, 472, 473, 474, 475, 476, 477, 478, 480, 481, 482, 483, 492, 493, 495, 507, 508, 510, 511, 512, 513, 514, 515, 516, 517, 519, 521, 522, 528, 529, 531, 532, 533, 535, 536, 537, 538, 539, 540, 541, 542, 543, 544, 545, 546, 547, 549, 550, 552, 553, 554, 555, 556, 557, 559, 560, 561, 562, 564, 565, 573, 574, 575, 576, 578, 580, 581, 582, 584, 585, 587, 588, 594, 596, 597, 599, 606, 607, 608, 610, 611, 612, 613, 615, 616, 617, 618, 619, 620, 621, 622, 623, 624, 625, 626, 627, 628, 629, 630, 632, 659, 663, 772, 773, 774, 775, 777, 778, 780, 781, 782, 783, 784, 785, 786, 787, 788, 789, 791, 793, 794, 795, 796, 798, 805, 806, 807, 808, 809, 810, 812, 830, 863, 864, 865, 898, 899, 902, 903, 904, 905, 907, 921, 925, 928, 935, 936, 940, 942, 945, 946, 949, 950, 952, 953, 954, 956, 961, 962, 963, 964, 970], "excluded_lines": [], "start_line": 1}}}, "src\\axon\\config\\__init__.py": {"executed_lines": [3, 4, 6], "summary": {"covered_lines": 3, "num_statements": 3, "percent_covered": 100.0, "percent_covered_display": "100", "missing_lines": 0, "excluded_lines": 0, "percent_statements_covered": 100.0, "percent_statements_covered_display": "100"}, "missing_lines": [], "excluded_lines": [], "functions": {"": {"executed_lines": [3, 4, 6], "summary": {"covered_lines": 3, "num_statements": 3, "percent_covered": 100.0, "percent_covered_display": "100", "missing_lines": 0, "excluded_lines": 0, "percent_statements_covered": 100.0, "percent_statements_covered_display": "100"}, "missing_lines": [], "excluded_lines": [], "start_line": 1}}, "classes": {"": {"executed_lines": [3, 4, 6], "summary": {"covered_lines": 3, "num_statements": 3, "percent_covered": 100.0, "percent_covered_display": "100", "missing_lines": 0, "excluded_lines": 0, "percent_statements_covered": 100.0, "percent_statements_covered_display": "100"}, "missing_lines": [], "excluded_lines": [], "start_line": 1}}}, "src\\axon\\config\\ignore.py": {"executed_lines": [3, 5, 6, 8, 50, 51, 53, 55, 56, 57, 59, 62, 63, 64, 65, 67, 69, 76, 79, 80, 82, 83, 84, 85, 86, 87, 97, 110, 112, 113, 115, 116, 118, 120, 126, 127, 128, 130, 131, 132, 133, 134, 135, 136], "summary": {"covered_lines": 44, "num_statements": 46, "percent_covered": 95.65217391304348, "percent_covered_display": "96", "missing_lines": 2, "excluded_lines": 8, "percent_statements_covered": 95.65217391304348, "percent_statements_covered_display": "96"}, "missing_lines": [60, 77], "excluded_lines": [88, 89, 90, 91, 92, 93, 94, 95], "functions": {"_matches_default_patterns": {"executed_lines": [55, 56, 57, 59, 62, 63, 64, 65], "summary": {"covered_lines": 8, "num_statements": 9, "percent_covered": 88.88888888888889, "percent_covered_display": "89", "missing_lines": 1, "excluded_lines": 0, "percent_statements_covered": 88.88888888888889, "percent_statements_covered_display": "89"}, "missing_lines": [60], "excluded_lines": [], "start_line": 53}, "_matches_gitignore": {"executed_lines": [76, 79, 80, 82, 83, 84, 85, 86, 87], "summary": {"covered_lines": 9, "num_statements": 10, "percent_covered": 90.0, "percent_covered_display": "90", "missing_lines": 1, "excluded_lines": 8, "percent_statements_covered": 90.0, "percent_statements_covered_display": "90"}, "missing_lines": [77], "excluded_lines": [88, 89, 90, 91, 92, 93, 94, 95], "start_line": 69}, "should_ignore": {"executed_lines": [110, 112, 113, 115, 116, 118], "summary": {"covered_lines": 6, "num_statements": 6, "percent_covered": 100.0, "percent_covered_display": "100", "missing_lines": 0, "excluded_lines": 0, "percent_statements_covered": 100.0, "percent_statements_covered_display": "100"}, "missing_lines": [], "excluded_lines": [], "start_line": 97}, "load_gitignore": {"executed_lines": [126, 127, 128, 130, 131, 132, 133, 134, 135, 136], "summary": {"covered_lines": 10, "num_statements": 10, "percent_covered": 100.0, "percent_covered_display": "100", "missing_lines": 0, "excluded_lines": 0, "percent_statements_covered": 100.0, "percent_statements_covered_display": "100"}, "missing_lines": [], "excluded_lines": [], "start_line": 120}, "": {"executed_lines": [3, 5, 6, 8, 50, 51, 53, 67, 69, 97, 120], "summary": {"covered_lines": 11, "num_statements": 11, "percent_covered": 100.0, "percent_covered_display": "100", "missing_lines": 0, "excluded_lines": 0, "percent_statements_covered": 100.0, "percent_statements_covered_display": "100"}, "missing_lines": [], "excluded_lines": [], "start_line": 1}}, "classes": {"": {"executed_lines": [3, 5, 6, 8, 50, 51, 53, 55, 56, 57, 59, 62, 63, 64, 65, 67, 69, 76, 79, 80, 82, 83, 84, 85, 86, 87, 97, 110, 112, 113, 115, 116, 118, 120, 126, 127, 128, 130, 131, 132, 133, 134, 135, 136], "summary": {"covered_lines": 44, "num_statements": 46, "percent_covered": 95.65217391304348, "percent_covered_display": "96", "missing_lines": 2, "excluded_lines": 8, "percent_statements_covered": 95.65217391304348, "percent_statements_covered_display": "96"}, "missing_lines": [60, 77], "excluded_lines": [88, 89, 90, 91, 92, 93, 94, 95], "start_line": 1}}}, "src\\axon\\config\\languages.py": {"executed_lines": [3, 5, 7, 17, 22, 23, 25, 27], "summary": {"covered_lines": 8, "num_statements": 8, "percent_covered": 100.0, "percent_covered_display": "100", "missing_lines": 0, "excluded_lines": 0, "percent_statements_covered": 100.0, "percent_statements_covered_display": "100"}, "missing_lines": [], "excluded_lines": [], "functions": {"get_language": {"executed_lines": [22, 23], "summary": {"covered_lines": 2, "num_statements": 2, "percent_covered": 100.0, "percent_covered_display": "100", "missing_lines": 0, "excluded_lines": 0, "percent_statements_covered": 100.0, "percent_statements_covered_display": "100"}, "missing_lines": [], "excluded_lines": [], "start_line": 17}, "is_supported": {"executed_lines": [27], "summary": {"covered_lines": 1, "num_statements": 1, "percent_covered": 100.0, "percent_covered_display": "100", "missing_lines": 0, "excluded_lines": 0, "percent_statements_covered": 100.0, "percent_statements_covered_display": "100"}, "missing_lines": [], "excluded_lines": [], "start_line": 25}, "": {"executed_lines": [3, 5, 7, 17, 25], "summary": {"covered_lines": 5, "num_statements": 5, "percent_covered": 100.0, "percent_covered_display": "100", "missing_lines": 0, "excluded_lines": 0, "percent_statements_covered": 100.0, "percent_statements_covered_display": "100"}, "missing_lines": [], "excluded_lines": [], "start_line": 1}}, "classes": {"": {"executed_lines": [3, 5, 7, 17, 22, 23, 25, 27], "summary": {"covered_lines": 8, "num_statements": 8, "percent_covered": 100.0, "percent_covered_display": "100", "missing_lines": 0, "excluded_lines": 0, "percent_statements_covered": 100.0, "percent_statements_covered_display": "100"}, "missing_lines": [], "excluded_lines": [], "start_line": 1}}}, "src\\axon\\core\\__init__.py": {"executed_lines": [], "summary": {"covered_lines": 0, "num_statements": 0, "percent_covered": 100.0, "percent_covered_display": "100", "missing_lines": 0, "excluded_lines": 0, "percent_statements_covered": 100.0, "percent_statements_covered_display": "100"}, "missing_lines": [], "excluded_lines": [], "functions": {"": {"executed_lines": [], "summary": {"covered_lines": 0, "num_statements": 0, "percent_covered": 100.0, "percent_covered_display": "100", "missing_lines": 0, "excluded_lines": 0, "percent_statements_covered": 100.0, "percent_statements_covered_display": "100"}, "missing_lines": [], "excluded_lines": [], "start_line": 1}}, "classes": {"": {"executed_lines": [], "summary": {"covered_lines": 0, "num_statements": 0, "percent_covered": 100.0, "percent_covered_display": "100", "missing_lines": 0, "excluded_lines": 0, "percent_statements_covered": 100.0, "percent_statements_covered_display": "100"}, "missing_lines": [], "excluded_lines": [], "start_line": 1}}}, "src\\axon\\core\\cypher_guard.py": {"executed_lines": [8, 10, 12, 14, 20, 22], "summary": {"covered_lines": 6, "num_statements": 6, "percent_covered": 100.0, "percent_covered_display": "100", "missing_lines": 0, "excluded_lines": 0, "percent_statements_covered": 100.0, "percent_statements_covered_display": "100"}, "missing_lines": [], "excluded_lines": [], "functions": {"sanitize_cypher": {"executed_lines": [22], "summary": {"covered_lines": 1, "num_statements": 1, "percent_covered": 100.0, "percent_covered_display": "100", "missing_lines": 0, "excluded_lines": 0, "percent_statements_covered": 100.0, "percent_statements_covered_display": "100"}, "missing_lines": [], "excluded_lines": [], "start_line": 20}, "": {"executed_lines": [8, 10, 12, 14, 20], "summary": {"covered_lines": 5, "num_statements": 5, "percent_covered": 100.0, "percent_covered_display": "100", "missing_lines": 0, "excluded_lines": 0, "percent_statements_covered": 100.0, "percent_statements_covered_display": "100"}, "missing_lines": [], "excluded_lines": [], "start_line": 1}}, "classes": {"": {"executed_lines": [8, 10, 12, 14, 20, 22], "summary": {"covered_lines": 6, "num_statements": 6, "percent_covered": 100.0, "percent_covered_display": "100", "missing_lines": 0, "excluded_lines": 0, "percent_statements_covered": 100.0, "percent_statements_covered_display": "100"}, "missing_lines": [], "excluded_lines": [], "start_line": 1}}}, "src\\axon\\core\\diff.py": {"executed_lines": [8, 10, 11, 12, 13, 14, 15, 17, 18, 19, 21, 23, 24, 27, 28, 29, 30, 31, 34, 36, 57, 59, 60, 62, 63, 65, 66, 68, 69, 70, 71, 72, 74, 75, 77, 78, 80, 81, 83, 85, 87, 88, 89, 90, 92, 99, 174, 215, 224, 232, 233, 235, 236, 237, 239, 240, 241, 242, 243, 244, 246, 247, 248, 249, 250, 251, 253, 254, 255, 256, 257, 258, 260, 261, 262, 263, 264, 266, 267, 268, 269, 270, 272], "summary": {"covered_lines": 83, "num_statements": 124, "percent_covered": 66.93548387096774, "percent_covered_display": "67", "missing_lines": 41, "excluded_lines": 0, "percent_statements_covered": 66.93548387096774, "percent_statements_covered_display": "67"}, "missing_lines": [94, 95, 96, 127, 128, 129, 130, 132, 133, 135, 136, 138, 141, 142, 143, 144, 145, 146, 148, 149, 150, 152, 153, 155, 159, 163, 167, 172, 182, 183, 185, 186, 193, 194, 198, 199, 201, 202, 209, 210, 213], "excluded_lines": [], "functions": {"diff_graphs": {"executed_lines": [57, 59, 60, 62, 63, 65, 66, 68, 69, 70, 71, 72, 74, 75, 77, 78, 80, 81, 83], "summary": {"covered_lines": 19, "num_statements": 19, "percent_covered": 100.0, "percent_covered_display": "100", "missing_lines": 0, "excluded_lines": 0, "percent_statements_covered": 100.0, "percent_statements_covered_display": "100"}, "missing_lines": [], "excluded_lines": [], "start_line": 36}, "_node_changed": {"executed_lines": [87, 88, 89, 90], "summary": {"covered_lines": 4, "num_statements": 4, "percent_covered": 100.0, "percent_covered_display": "100", "missing_lines": 0, "excluded_lines": 0, "percent_statements_covered": 100.0, "percent_statements_covered_display": "100"}, "missing_lines": [], "excluded_lines": [], "start_line": 85}, "_normalize_id": {"executed_lines": [], "summary": {"covered_lines": 0, "num_statements": 3, "percent_covered": 0.0, "percent_covered_display": "0", "missing_lines": 3, "excluded_lines": 0, "percent_statements_covered": 0.0, "percent_statements_covered_display": "0"}, "missing_lines": [94, 95, 96], "excluded_lines": [], "start_line": 92}, "diff_branches": {"executed_lines": [], "summary": {"covered_lines": 0, "num_statements": 25, "percent_covered": 0.0, "percent_covered_display": "0", "missing_lines": 25, "excluded_lines": 0, "percent_statements_covered": 0.0, "percent_statements_covered_display": "0"}, "missing_lines": [127, 128, 129, 130, 132, 133, 135, 136, 138, 141, 142, 143, 144, 145, 146, 148, 149, 150, 152, 153, 155, 159, 163, 167, 172], "excluded_lines": [], "start_line": 99}, "_build_graph_for_ref": {"executed_lines": [], "summary": {"covered_lines": 0, "num_statements": 13, "percent_covered": 0.0, "percent_covered_display": "0", "missing_lines": 13, "excluded_lines": 0, "percent_statements_covered": 0.0, "percent_statements_covered_display": "0"}, "missing_lines": [182, 183, 185, 186, 193, 194, 198, 199, 201, 202, 209, 210, 213], "excluded_lines": [], "start_line": 174}, "format_diff": {"executed_lines": [224, 232, 233, 235, 236, 237, 239, 240, 241, 242, 243, 244, 246, 247, 248, 249, 250, 251, 253, 254, 255, 256, 257, 258, 260, 261, 262, 263, 264, 266, 267, 268, 269, 270, 272], "summary": {"covered_lines": 35, "num_statements": 35, "percent_covered": 100.0, "percent_covered_display": "100", "missing_lines": 0, "excluded_lines": 0, "percent_statements_covered": 100.0, "percent_statements_covered_display": "100"}, "missing_lines": [], "excluded_lines": [], "start_line": 215}, "": {"executed_lines": [8, 10, 11, 12, 13, 14, 15, 17, 18, 19, 21, 23, 24, 27, 28, 29, 30, 31, 34, 36, 85, 92, 99, 174, 215], "summary": {"covered_lines": 25, "num_statements": 25, "percent_covered": 100.0, "percent_covered_display": "100", "missing_lines": 0, "excluded_lines": 0, "percent_statements_covered": 100.0, "percent_statements_covered_display": "100"}, "missing_lines": [], "excluded_lines": [], "start_line": 1}}, "classes": {"StructuralDiff": {"executed_lines": [], "summary": {"covered_lines": 0, "num_statements": 0, "percent_covered": 100.0, "percent_covered_display": "100", "missing_lines": 0, "excluded_lines": 0, "percent_statements_covered": 100.0, "percent_statements_covered_display": "100"}, "missing_lines": [], "excluded_lines": [], "start_line": 24}, "": {"executed_lines": [8, 10, 11, 12, 13, 14, 15, 17, 18, 19, 21, 23, 24, 27, 28, 29, 30, 31, 34, 36, 57, 59, 60, 62, 63, 65, 66, 68, 69, 70, 71, 72, 74, 75, 77, 78, 80, 81, 83, 85, 87, 88, 89, 90, 92, 99, 174, 215, 224, 232, 233, 235, 236, 237, 239, 240, 241, 242, 243, 244, 246, 247, 248, 249, 250, 251, 253, 254, 255, 256, 257, 258, 260, 261, 262, 263, 264, 266, 267, 268, 269, 270, 272], "summary": {"covered_lines": 83, "num_statements": 124, "percent_covered": 66.93548387096774, "percent_covered_display": "67", "missing_lines": 41, "excluded_lines": 0, "percent_statements_covered": 66.93548387096774, "percent_statements_covered_display": "67"}, "missing_lines": [94, 95, 96, 127, 128, 129, 130, 132, 133, 135, 136, 138, 141, 142, 143, 144, 145, 146, 148, 149, 150, 152, 153, 155, 159, 163, 167, 172, 182, 183, 185, 186, 193, 194, 198, 199, 201, 202, 209, 210, 213], "excluded_lines": [], "start_line": 1}}}, "src\\axon\\core\\embeddings\\__init__.py": {"executed_lines": [], "summary": {"covered_lines": 0, "num_statements": 0, "percent_covered": 100.0, "percent_covered_display": "100", "missing_lines": 0, "excluded_lines": 0, "percent_statements_covered": 100.0, "percent_statements_covered_display": "100"}, "missing_lines": [], "excluded_lines": [], "functions": {"": {"executed_lines": [], "summary": {"covered_lines": 0, "num_statements": 0, "percent_covered": 100.0, "percent_covered_display": "100", "missing_lines": 0, "excluded_lines": 0, "percent_statements_covered": 100.0, "percent_statements_covered_display": "100"}, "missing_lines": [], "excluded_lines": [], "start_line": 1}}, "classes": {"": {"executed_lines": [], "summary": {"covered_lines": 0, "num_statements": 0, "percent_covered": 100.0, "percent_covered_display": "100", "missing_lines": 0, "excluded_lines": 0, "percent_statements_covered": 100.0, "percent_statements_covered_display": "100"}, "missing_lines": [], "excluded_lines": [], "start_line": 1}}}, "src\\axon\\core\\embeddings\\embedder.py": {"executed_lines": [12, 14, 15, 17, 18, 19, 20, 26, 27, 30, 31, 32, 33, 34, 35, 36, 38, 39, 40, 41, 44, 46, 47, 50, 53, 65, 68, 70, 72, 73, 74, 79, 101, 103, 104, 106, 108, 109, 110, 111, 112, 113, 114, 116, 119, 120, 122, 123, 124, 131, 134, 141, 142, 144, 145, 147, 148, 150, 152, 153, 154, 155, 156, 157, 158, 160, 163, 164, 165, 166, 173], "summary": {"covered_lines": 71, "num_statements": 77, "percent_covered": 92.20779220779221, "percent_covered_display": "92", "missing_lines": 6, "excluded_lines": 2, "percent_statements_covered": 92.20779220779221, "percent_statements_covered_display": "92"}, "missing_lines": [37, 71, 75, 76, 117, 161], "excluded_lines": [22, 23], "functions": {"_get_model": {"executed_lines": [31, 32, 33, 34, 35, 36, 38, 39, 40, 41], "summary": {"covered_lines": 10, "num_statements": 11, "percent_covered": 90.9090909090909, "percent_covered_display": "91", "missing_lines": 1, "excluded_lines": 0, "percent_statements_covered": 90.9090909090909, "percent_statements_covered_display": "91"}, "missing_lines": [37], "excluded_lines": [], "start_line": 30}, "_get_model_cache_clear": {"executed_lines": [46, 47], "summary": {"covered_lines": 2, "num_statements": 2, "percent_covered": 100.0, "percent_covered_display": "100", "missing_lines": 0, "excluded_lines": 0, "percent_statements_covered": 100.0, "percent_statements_covered_display": "100"}, "missing_lines": [], "excluded_lines": [], "start_line": 44}, "embed_query": {"executed_lines": [70, 72, 73, 74], "summary": {"covered_lines": 4, "num_statements": 7, "percent_covered": 57.142857142857146, "percent_covered_display": "57", "missing_lines": 3, "excluded_lines": 0, "percent_statements_covered": 57.142857142857146, "percent_statements_covered_display": "57"}, "missing_lines": [71, 75, 76], "excluded_lines": [], "start_line": 68}, "embed_graph": {"executed_lines": [101, 103, 104, 106, 108, 109, 110, 111, 112, 113, 114, 116, 119, 120, 122, 123, 124, 131], "summary": {"covered_lines": 18, "num_statements": 19, "percent_covered": 94.73684210526316, "percent_covered_display": "95", "missing_lines": 1, "excluded_lines": 0, "percent_statements_covered": 94.73684210526316, "percent_statements_covered_display": "95"}, "missing_lines": [117], "excluded_lines": [], "start_line": 79}, "embed_nodes": {"executed_lines": [141, 142, 144, 145, 147, 148, 150, 152, 153, 154, 155, 156, 157, 158, 160, 163, 164, 165, 166, 173], "summary": {"covered_lines": 20, "num_statements": 21, "percent_covered": 95.23809523809524, "percent_covered_display": "95", "missing_lines": 1, "excluded_lines": 0, "percent_statements_covered": 95.23809523809524, "percent_statements_covered_display": "95"}, "missing_lines": [161], "excluded_lines": [], "start_line": 134}, "": {"executed_lines": [12, 14, 15, 17, 18, 19, 20, 26, 27, 30, 44, 50, 53, 65, 68, 79, 134], "summary": {"covered_lines": 17, "num_statements": 17, "percent_covered": 100.0, "percent_covered_display": "100", "missing_lines": 0, "excluded_lines": 2, "percent_statements_covered": 100.0, "percent_statements_covered_display": "100"}, "missing_lines": [], "excluded_lines": [22, 23], "start_line": 1}}, "classes": {"": {"executed_lines": [12, 14, 15, 17, 18, 19, 20, 26, 27, 30, 31, 32, 33, 34, 35, 36, 38, 39, 40, 41, 44, 46, 47, 50, 53, 65, 68, 70, 72, 73, 74, 79, 101, 103, 104, 106, 108, 109, 110, 111, 112, 113, 114, 116, 119, 120, 122, 123, 124, 131, 134, 141, 142, 144, 145, 147, 148, 150, 152, 153, 154, 155, 156, 157, 158, 160, 163, 164, 165, 166, 173], "summary": {"covered_lines": 71, "num_statements": 77, "percent_covered": 92.20779220779221, "percent_covered_display": "92", "missing_lines": 6, "excluded_lines": 2, "percent_statements_covered": 92.20779220779221, "percent_statements_covered_display": "92"}, "missing_lines": [37, 71, 75, 76, 117, 161], "excluded_lines": [22, 23], "start_line": 1}}}, "src\\axon\\core\\embeddings\\text.py": {"executed_lines": [9, 11, 12, 15, 22, 23, 24, 25, 26, 27, 28, 29, 31, 51, 53, 54, 55, 56, 57, 58, 59, 60, 61, 62, 63, 64, 65, 66, 71, 73, 75, 76, 78, 79, 80, 82, 83, 84, 86, 87, 88, 90, 92, 98, 100, 101, 103, 104, 105, 107, 108, 109, 111, 112, 113, 115, 117, 119, 121, 122, 123, 125, 126, 127, 129, 131, 133, 135, 136, 137, 139, 141, 143, 145, 146, 148, 150, 152, 154, 155, 156, 158, 160, 162, 164, 165, 166, 168, 170, 172, 174, 175, 177, 178, 180, 182, 186, 187, 188, 189, 190, 191, 192, 194, 198, 199, 200, 201, 202, 203, 204, 206, 208, 209], "summary": {"covered_lines": 114, "num_statements": 115, "percent_covered": 99.1304347826087, "percent_covered_display": "99", "missing_lines": 1, "excluded_lines": 0, "percent_statements_covered": 99.1304347826087, "percent_statements_covered_display": "99"}, "missing_lines": [69], "excluded_lines": [], "functions": {"build_class_method_index": {"executed_lines": [22, 23, 24, 25, 26, 27, 28, 29], "summary": {"covered_lines": 8, "num_statements": 8, "percent_covered": 100.0, "percent_covered_display": "100", "missing_lines": 0, "excluded_lines": 0, "percent_statements_covered": 100.0, "percent_statements_covered_display": "100"}, "missing_lines": [], "excluded_lines": [], "start_line": 15}, "generate_text": {"executed_lines": [51, 53, 54, 55, 56, 57, 58, 59, 60, 61, 62, 63, 64, 65, 66], "summary": {"covered_lines": 15, "num_statements": 16, "percent_covered": 93.75, "percent_covered_display": "94", "missing_lines": 1, "excluded_lines": 0, "percent_statements_covered": 93.75, "percent_statements_covered_display": "94"}, "missing_lines": [69], "excluded_lines": [], "start_line": 31}, "_text_for_callable": {"executed_lines": [73, 75, 76, 78, 79, 80, 82, 83, 84, 86, 87, 88, 90], "summary": {"covered_lines": 13, "num_statements": 13, "percent_covered": 100.0, "percent_covered_display": "100", "missing_lines": 0, "excluded_lines": 0, "percent_statements_covered": 100.0, "percent_statements_covered_display": "100"}, "missing_lines": [], "excluded_lines": [], "start_line": 71}, "_text_for_class": {"executed_lines": [98, 100, 101, 103, 104, 105, 107, 108, 109, 111, 112, 113, 115], "summary": {"covered_lines": 13, "num_statements": 13, "percent_covered": 100.0, "percent_covered_display": "100", "missing_lines": 0, "excluded_lines": 0, "percent_statements_covered": 100.0, "percent_statements_covered_display": "100"}, "missing_lines": [], "excluded_lines": [], "start_line": 92}, "_text_for_file": {"executed_lines": [119, 121, 122, 123, 125, 126, 127, 129], "summary": {"covered_lines": 8, "num_statements": 8, "percent_covered": 100.0, "percent_covered_display": "100", "missing_lines": 0, "excluded_lines": 0, "percent_statements_covered": 100.0, "percent_statements_covered_display": "100"}, "missing_lines": [], "excluded_lines": [], "start_line": 117}, "_text_for_folder": {"executed_lines": [133, 135, 136, 137, 139], "summary": {"covered_lines": 5, "num_statements": 5, "percent_covered": 100.0, "percent_covered_display": "100", "missing_lines": 0, "excluded_lines": 0, "percent_statements_covered": 100.0, "percent_statements_covered_display": "100"}, "missing_lines": [], "excluded_lines": [], "start_line": 131}, "_text_for_type_definition": {"executed_lines": [143, 145, 146, 148], "summary": {"covered_lines": 4, "num_statements": 4, "percent_covered": 100.0, "percent_covered_display": "100", "missing_lines": 0, "excluded_lines": 0, "percent_statements_covered": 100.0, "percent_statements_covered_display": "100"}, "missing_lines": [], "excluded_lines": [], "start_line": 141}, "_text_for_community": {"executed_lines": [152, 154, 155, 156, 158], "summary": {"covered_lines": 5, "num_statements": 5, "percent_covered": 100.0, "percent_covered_display": "100", "missing_lines": 0, "excluded_lines": 0, "percent_statements_covered": 100.0, "percent_statements_covered_display": "100"}, "missing_lines": [], "excluded_lines": [], "start_line": 150}, "_text_for_process": {"executed_lines": [162, 164, 165, 166, 168], "summary": {"covered_lines": 5, "num_statements": 5, "percent_covered": 100.0, "percent_covered_display": "100", "missing_lines": 0, "excluded_lines": 0, "percent_statements_covered": 100.0, "percent_statements_covered_display": "100"}, "missing_lines": [], "excluded_lines": [], "start_line": 160}, "_header": {"executed_lines": [172, 174, 175, 177, 178, 180], "summary": {"covered_lines": 6, "num_statements": 6, "percent_covered": 100.0, "percent_covered_display": "100", "missing_lines": 0, "excluded_lines": 0, "percent_statements_covered": 100.0, "percent_statements_covered_display": "100"}, "missing_lines": [], "excluded_lines": [], "start_line": 170}, "_target_names": {"executed_lines": [186, 187, 188, 189, 190, 191, 192], "summary": {"covered_lines": 7, "num_statements": 7, "percent_covered": 100.0, "percent_covered_display": "100", "missing_lines": 0, "excluded_lines": 0, "percent_statements_covered": 100.0, "percent_statements_covered_display": "100"}, "missing_lines": [], "excluded_lines": [], "start_line": 182}, "_source_names": {"executed_lines": [198, 199, 200, 201, 202, 203, 204], "summary": {"covered_lines": 7, "num_statements": 7, "percent_covered": 100.0, "percent_covered_display": "100", "missing_lines": 0, "excluded_lines": 0, "percent_statements_covered": 100.0, "percent_statements_covered_display": "100"}, "missing_lines": [], "excluded_lines": [], "start_line": 194}, "_class_method_names": {"executed_lines": [208, 209], "summary": {"covered_lines": 2, "num_statements": 2, "percent_covered": 100.0, "percent_covered_display": "100", "missing_lines": 0, "excluded_lines": 0, "percent_statements_covered": 100.0, "percent_statements_covered_display": "100"}, "missing_lines": [], "excluded_lines": [], "start_line": 206}, "": {"executed_lines": [9, 11, 12, 15, 31, 71, 92, 117, 131, 141, 150, 160, 170, 182, 194, 206], "summary": {"covered_lines": 16, "num_statements": 16, "percent_covered": 100.0, "percent_covered_display": "100", "missing_lines": 0, "excluded_lines": 0, "percent_statements_covered": 100.0, "percent_statements_covered_display": "100"}, "missing_lines": [], "excluded_lines": [], "start_line": 1}}, "classes": {"": {"executed_lines": [9, 11, 12, 15, 22, 23, 24, 25, 26, 27, 28, 29, 31, 51, 53, 54, 55, 56, 57, 58, 59, 60, 61, 62, 63, 64, 65, 66, 71, 73, 75, 76, 78, 79, 80, 82, 83, 84, 86, 87, 88, 90, 92, 98, 100, 101, 103, 104, 105, 107, 108, 109, 111, 112, 113, 115, 117, 119, 121, 122, 123, 125, 126, 127, 129, 131, 133, 135, 136, 137, 139, 141, 143, 145, 146, 148, 150, 152, 154, 155, 156, 158, 160, 162, 164, 165, 166, 168, 170, 172, 174, 175, 177, 178, 180, 182, 186, 187, 188, 189, 190, 191, 192, 194, 198, 199, 200, 201, 202, 203, 204, 206, 208, 209], "summary": {"covered_lines": 114, "num_statements": 115, "percent_covered": 99.1304347826087, "percent_covered_display": "99", "missing_lines": 1, "excluded_lines": 0, "percent_statements_covered": 99.1304347826087, "percent_statements_covered_display": "99"}, "missing_lines": [69], "excluded_lines": [], "start_line": 1}}}, "src\\axon\\core\\graph\\__init__.py": {"executed_lines": [], "summary": {"covered_lines": 0, "num_statements": 0, "percent_covered": 100.0, "percent_covered_display": "100", "missing_lines": 0, "excluded_lines": 0, "percent_statements_covered": 100.0, "percent_statements_covered_display": "100"}, "missing_lines": [], "excluded_lines": [], "functions": {"": {"executed_lines": [], "summary": {"covered_lines": 0, "num_statements": 0, "percent_covered": 100.0, "percent_covered_display": "100", "missing_lines": 0, "excluded_lines": 0, "percent_statements_covered": 100.0, "percent_statements_covered_display": "100"}, "missing_lines": [], "excluded_lines": [], "start_line": 1}}, "classes": {"": {"executed_lines": [], "summary": {"covered_lines": 0, "num_statements": 0, "percent_covered": 100.0, "percent_covered_display": "100", "missing_lines": 0, "excluded_lines": 0, "percent_statements_covered": 100.0, "percent_statements_covered_display": "100"}, "missing_lines": [], "excluded_lines": [], "start_line": 1}}}, "src\\axon\\core\\graph\\graph.py": {"executed_lines": [9, 11, 12, 14, 17, 28, 29, 30, 32, 33, 34, 35, 36, 40, 41, 43, 44, 46, 47, 48, 50, 51, 52, 54, 57, 58, 60, 61, 62, 64, 65, 67, 68, 70, 72, 73, 74, 76, 77, 78, 80, 82, 85, 86, 88, 89, 90, 92, 93, 94, 96, 97, 98, 99, 100, 101, 102, 103, 104, 105, 106, 107, 109, 111, 113, 115, 117, 124, 125, 126, 127, 129, 136, 137, 138, 139, 141, 142, 144, 145, 146, 147, 148, 149, 150, 151, 152, 154, 155, 156, 157, 158, 159], "summary": {"covered_lines": 93, "num_statements": 95, "percent_covered": 97.89473684210526, "percent_covered_display": "98", "missing_lines": 2, "excluded_lines": 0, "percent_statements_covered": 97.89473684210526, "percent_statements_covered_display": "98"}, "missing_lines": [55, 63], "excluded_lines": [], "functions": {"KnowledgeGraph.__init__": {"executed_lines": [29, 30, 32, 33, 34, 35, 36], "summary": {"covered_lines": 7, "num_statements": 7, "percent_covered": 100.0, "percent_covered_display": "100", "missing_lines": 0, "excluded_lines": 0, "percent_statements_covered": 100.0, "percent_statements_covered_display": "100"}, "missing_lines": [], "excluded_lines": [], "start_line": 28}, "KnowledgeGraph.iter_nodes": {"executed_lines": [41], "summary": {"covered_lines": 1, "num_statements": 1, "percent_covered": 100.0, "percent_covered_display": "100", "missing_lines": 0, "excluded_lines": 0, "percent_statements_covered": 100.0, "percent_statements_covered_display": "100"}, "missing_lines": [], "excluded_lines": [], "start_line": 40}, "KnowledgeGraph.iter_relationships": {"executed_lines": [44], "summary": {"covered_lines": 1, "num_statements": 1, "percent_covered": 100.0, "percent_covered_display": "100", "missing_lines": 0, "excluded_lines": 0, "percent_statements_covered": 100.0, "percent_statements_covered_display": "100"}, "missing_lines": [], "excluded_lines": [], "start_line": 43}, "KnowledgeGraph.node_count": {"executed_lines": [48], "summary": {"covered_lines": 1, "num_statements": 1, "percent_covered": 100.0, "percent_covered_display": "100", "missing_lines": 0, "excluded_lines": 0, "percent_statements_covered": 100.0, "percent_statements_covered_display": "100"}, "missing_lines": [], "excluded_lines": [], "start_line": 47}, "KnowledgeGraph.relationship_count": {"executed_lines": [52], "summary": {"covered_lines": 1, "num_statements": 1, "percent_covered": 100.0, "percent_covered_display": "100", "missing_lines": 0, "excluded_lines": 0, "percent_statements_covered": 100.0, "percent_statements_covered_display": "100"}, "missing_lines": [], "excluded_lines": [], "start_line": 51}, "KnowledgeGraph.count_nodes_by_label": {"executed_lines": [], "summary": {"covered_lines": 0, "num_statements": 1, "percent_covered": 0.0, "percent_covered_display": "0", "missing_lines": 1, "excluded_lines": 0, "percent_statements_covered": 0.0, "percent_statements_covered_display": "0"}, "missing_lines": [55], "excluded_lines": [], "start_line": 54}, "KnowledgeGraph.has_incoming": {"executed_lines": [58], "summary": {"covered_lines": 1, "num_statements": 1, "percent_covered": 100.0, "percent_covered_display": "100", "missing_lines": 0, "excluded_lines": 0, "percent_statements_covered": 100.0, "percent_statements_covered_display": "100"}, "missing_lines": [], "excluded_lines": [], "start_line": 57}, "KnowledgeGraph.add_node": {"executed_lines": [61, 62, 64, 65], "summary": {"covered_lines": 4, "num_statements": 5, "percent_covered": 80.0, "percent_covered_display": "80", "missing_lines": 1, "excluded_lines": 0, "percent_statements_covered": 80.0, "percent_statements_covered_display": "80"}, "missing_lines": [63], "excluded_lines": [], "start_line": 60}, "KnowledgeGraph.get_node": {"executed_lines": [68], "summary": {"covered_lines": 1, "num_statements": 1, "percent_covered": 100.0, "percent_covered_display": "100", "missing_lines": 0, "excluded_lines": 0, "percent_statements_covered": 100.0, "percent_statements_covered_display": "100"}, "missing_lines": [], "excluded_lines": [], "start_line": 67}, "KnowledgeGraph.remove_node": {"executed_lines": [72, 73, 74, 76, 77, 78], "summary": {"covered_lines": 6, "num_statements": 6, "percent_covered": 100.0, "percent_covered_display": "100", "missing_lines": 0, "excluded_lines": 0, "percent_statements_covered": 100.0, "percent_statements_covered_display": "100"}, "missing_lines": [], "excluded_lines": [], "start_line": 70}, "KnowledgeGraph.remove_nodes_by_file": {"executed_lines": [82, 85, 86, 88, 89, 90, 92, 93, 94], "summary": {"covered_lines": 9, "num_statements": 9, "percent_covered": 100.0, "percent_covered_display": "100", "missing_lines": 0, "excluded_lines": 0, "percent_statements_covered": 100.0, "percent_statements_covered_display": "100"}, "missing_lines": [], "excluded_lines": [], "start_line": 80}, "KnowledgeGraph.add_relationship": {"executed_lines": [97, 98, 99, 100, 101, 102, 103, 104, 105, 106, 107], "summary": {"covered_lines": 11, "num_statements": 11, "percent_covered": 100.0, "percent_covered_display": "100", "missing_lines": 0, "excluded_lines": 0, "percent_statements_covered": 100.0, "percent_statements_covered_display": "100"}, "missing_lines": [], "excluded_lines": [], "start_line": 96}, "KnowledgeGraph.get_nodes_by_label": {"executed_lines": [111], "summary": {"covered_lines": 1, "num_statements": 1, "percent_covered": 100.0, "percent_covered_display": "100", "missing_lines": 0, "excluded_lines": 0, "percent_statements_covered": 100.0, "percent_statements_covered_display": "100"}, "missing_lines": [], "excluded_lines": [], "start_line": 109}, "KnowledgeGraph.get_relationships_by_type": {"executed_lines": [115], "summary": {"covered_lines": 1, "num_statements": 1, "percent_covered": 100.0, "percent_covered_display": "100", "missing_lines": 0, "excluded_lines": 0, "percent_statements_covered": 100.0, "percent_statements_covered_display": "100"}, "missing_lines": [], "excluded_lines": [], "start_line": 113}, "KnowledgeGraph.get_outgoing": {"executed_lines": [124, 125, 126, 127], "summary": {"covered_lines": 4, "num_statements": 4, "percent_covered": 100.0, "percent_covered_display": "100", "missing_lines": 0, "excluded_lines": 0, "percent_statements_covered": 100.0, "percent_statements_covered_display": "100"}, "missing_lines": [], "excluded_lines": [], "start_line": 117}, "KnowledgeGraph.get_incoming": {"executed_lines": [136, 137, 138, 139], "summary": {"covered_lines": 4, "num_statements": 4, "percent_covered": 100.0, "percent_covered_display": "100", "missing_lines": 0, "excluded_lines": 0, "percent_statements_covered": 100.0, "percent_statements_covered_display": "100"}, "missing_lines": [], "excluded_lines": [], "start_line": 129}, "KnowledgeGraph.stats": {"executed_lines": [142], "summary": {"covered_lines": 1, "num_statements": 1, "percent_covered": 100.0, "percent_covered_display": "100", "missing_lines": 0, "excluded_lines": 0, "percent_statements_covered": 100.0, "percent_statements_covered_display": "100"}, "missing_lines": [], "excluded_lines": [], "start_line": 141}, "KnowledgeGraph._cascade_relationships_for_node": {"executed_lines": [145, 146, 147, 148, 149, 150, 151, 152, 154, 155, 156, 157, 158, 159], "summary": {"covered_lines": 14, "num_statements": 14, "percent_covered": 100.0, "percent_covered_display": "100", "missing_lines": 0, "excluded_lines": 0, "percent_statements_covered": 100.0, "percent_statements_covered_display": "100"}, "missing_lines": [], "excluded_lines": [], "start_line": 144}, "": {"executed_lines": [9, 11, 12, 14, 17, 28, 40, 43, 46, 47, 50, 51, 54, 57, 60, 67, 70, 80, 96, 109, 113, 117, 129, 141, 144], "summary": {"covered_lines": 25, "num_statements": 25, "percent_covered": 100.0, "percent_covered_display": "100", "missing_lines": 0, "excluded_lines": 0, "percent_statements_covered": 100.0, "percent_statements_covered_display": "100"}, "missing_lines": [], "excluded_lines": [], "start_line": 1}}, "classes": {"KnowledgeGraph": {"executed_lines": [29, 30, 32, 33, 34, 35, 36, 41, 44, 48, 52, 58, 61, 62, 64, 65, 68, 72, 73, 74, 76, 77, 78, 82, 85, 86, 88, 89, 90, 92, 93, 94, 97, 98, 99, 100, 101, 102, 103, 104, 105, 106, 107, 111, 115, 124, 125, 126, 127, 136, 137, 138, 139, 142, 145, 146, 147, 148, 149, 150, 151, 152, 154, 155, 156, 157, 158, 159], "summary": {"covered_lines": 68, "num_statements": 70, "percent_covered": 97.14285714285714, "percent_covered_display": "97", "missing_lines": 2, "excluded_lines": 0, "percent_statements_covered": 97.14285714285714, "percent_statements_covered_display": "97"}, "missing_lines": [55, 63], "excluded_lines": [], "start_line": 17}, "": {"executed_lines": [9, 11, 12, 14, 17, 28, 40, 43, 46, 47, 50, 51, 54, 57, 60, 67, 70, 80, 96, 109, 113, 117, 129, 141, 144], "summary": {"covered_lines": 25, "num_statements": 25, "percent_covered": 100.0, "percent_covered_display": "100", "missing_lines": 0, "excluded_lines": 0, "percent_statements_covered": 100.0, "percent_statements_covered_display": "100"}, "missing_lines": [], "excluded_lines": [], "start_line": 1}}}, "src\\axon\\core\\graph\\model.py": {"executed_lines": [8, 10, 11, 12, 15, 18, 19, 20, 21, 22, 23, 24, 25, 26, 27, 29, 32, 33, 34, 35, 36, 37, 38, 39, 40, 41, 42, 44, 57, 58, 60, 61, 68, 69, 70, 72, 73, 74, 75, 76, 77, 78, 80, 81, 82, 84, 86, 87, 93, 94, 95, 96, 98], "summary": {"covered_lines": 53, "num_statements": 53, "percent_covered": 100.0, "percent_covered_display": "100", "missing_lines": 0, "excluded_lines": 0, "percent_statements_covered": 100.0, "percent_statements_covered_display": "100"}, "missing_lines": [], "excluded_lines": [], "functions": {"generate_id": {"executed_lines": [57, 58], "summary": {"covered_lines": 2, "num_statements": 2, "percent_covered": 100.0, "percent_covered_display": "100", "missing_lines": 0, "excluded_lines": 0, "percent_statements_covered": 100.0, "percent_statements_covered_display": "100"}, "missing_lines": [], "excluded_lines": [], "start_line": 44}, "": {"executed_lines": [8, 10, 11, 12, 15, 18, 19, 20, 21, 22, 23, 24, 25, 26, 27, 29, 32, 33, 34, 35, 36, 37, 38, 39, 40, 41, 42, 44, 60, 61, 68, 69, 70, 72, 73, 74, 75, 76, 77, 78, 80, 81, 82, 84, 86, 87, 93, 94, 95, 96, 98], "summary": {"covered_lines": 51, "num_statements": 51, "percent_covered": 100.0, "percent_covered_display": "100", "missing_lines": 0, "excluded_lines": 0, "percent_statements_covered": 100.0, "percent_statements_covered_display": "100"}, "missing_lines": [], "excluded_lines": [], "start_line": 1}}, "classes": {"NodeLabel": {"executed_lines": [], "summary": {"covered_lines": 0, "num_statements": 0, "percent_covered": 100.0, "percent_covered_display": "100", "missing_lines": 0, "excluded_lines": 0, "percent_statements_covered": 100.0, "percent_statements_covered_display": "100"}, "missing_lines": [], "excluded_lines": [], "start_line": 15}, "RelType": {"executed_lines": [], "summary": {"covered_lines": 0, "num_statements": 0, "percent_covered": 100.0, "percent_covered_display": "100", "missing_lines": 0, "excluded_lines": 0, "percent_statements_covered": 100.0, "percent_statements_covered_display": "100"}, "missing_lines": [], "excluded_lines": [], "start_line": 29}, "GraphNode": {"executed_lines": [], "summary": {"covered_lines": 0, "num_statements": 0, "percent_covered": 100.0, "percent_covered_display": "100", "missing_lines": 0, "excluded_lines": 0, "percent_statements_covered": 100.0, "percent_statements_covered_display": "100"}, "missing_lines": [], "excluded_lines": [], "start_line": 61}, "GraphRelationship": {"executed_lines": [], "summary": {"covered_lines": 0, "num_statements": 0, "percent_covered": 100.0, "percent_covered_display": "100", "missing_lines": 0, "excluded_lines": 0, "percent_statements_covered": 100.0, "percent_statements_covered_display": "100"}, "missing_lines": [], "excluded_lines": [], "start_line": 87}, "": {"executed_lines": [8, 10, 11, 12, 15, 18, 19, 20, 21, 22, 23, 24, 25, 26, 27, 29, 32, 33, 34, 35, 36, 37, 38, 39, 40, 41, 42, 44, 57, 58, 60, 61, 68, 69, 70, 72, 73, 74, 75, 76, 77, 78, 80, 81, 82, 84, 86, 87, 93, 94, 95, 96, 98], "summary": {"covered_lines": 53, "num_statements": 53, "percent_covered": 100.0, "percent_covered_display": "100", "missing_lines": 0, "excluded_lines": 0, "percent_statements_covered": 100.0, "percent_statements_covered_display": "100"}, "missing_lines": [], "excluded_lines": [], "start_line": 1}}}, "src\\axon\\core\\ingestion\\__init__.py": {"executed_lines": [], "summary": {"covered_lines": 0, "num_statements": 0, "percent_covered": 100.0, "percent_covered_display": "100", "missing_lines": 0, "excluded_lines": 0, "percent_statements_covered": 100.0, "percent_statements_covered_display": "100"}, "missing_lines": [], "excluded_lines": [], "functions": {"": {"executed_lines": [], "summary": {"covered_lines": 0, "num_statements": 0, "percent_covered": 100.0, "percent_covered_display": "100", "missing_lines": 0, "excluded_lines": 0, "percent_statements_covered": 100.0, "percent_statements_covered_display": "100"}, "missing_lines": [], "excluded_lines": [], "start_line": 1}}, "classes": {"": {"executed_lines": [], "summary": {"covered_lines": 0, "num_statements": 0, "percent_covered": 100.0, "percent_covered_display": "100", "missing_lines": 0, "excluded_lines": 0, "percent_statements_covered": 100.0, "percent_statements_covered_display": "100"}, "missing_lines": [], "excluded_lines": [], "start_line": 1}}}, "src\\axon\\core\\ingestion\\calls.py": {"executed_lines": [13, 15, 16, 17, 19, 20, 26, 27, 28, 34, 36, 38, 44, 54, 87, 125, 126, 128, 129, 130, 131, 133, 134, 135, 137, 138, 139, 140, 142, 143, 144, 145, 147, 149, 151, 164, 165, 166, 167, 172, 174, 175, 176, 178, 186, 187, 189, 190, 191, 192, 194, 195, 196, 199, 200, 201, 204, 215, 216, 218, 219, 222, 223, 224, 225, 229, 231, 232, 233, 234, 235, 236, 238, 239, 242, 252, 253, 255, 256, 257, 259, 260, 261, 264, 265, 266, 268, 271, 278, 279, 280, 281, 282, 291, 335, 346, 347, 348, 350, 351, 352, 354, 357, 366, 367, 372, 377, 378, 379, 380, 382, 383, 384, 385, 386, 390, 395, 396, 415, 416, 417, 447, 450, 479, 480, 482, 491, 496, 497, 498, 499, 500, 501, 502, 504, 505, 507, 508, 517], "summary": {"covered_lines": 139, "num_statements": 201, "percent_covered": 69.1542288557214, "percent_covered_display": "69", "missing_lines": 62, "excluded_lines": 0, "percent_statements_covered": 69.1542288557214, "percent_statements_covered_display": "69"}, "missing_lines": [148, 173, 193, 197, 220, 227, 258, 263, 305, 306, 308, 309, 310, 315, 316, 317, 318, 319, 320, 321, 323, 324, 325, 332, 358, 364, 368, 369, 370, 391, 392, 393, 397, 398, 402, 403, 404, 405, 407, 411, 412, 413, 419, 424, 425, 426, 427, 429, 430, 431, 432, 436, 437, 438, 442, 443, 444, 445, 483, 484, 485, 489], "excluded_lines": [], "functions": {"resolve_call": {"executed_lines": [125, 126, 128, 129, 130, 131, 133, 134, 135, 137, 138, 139, 140, 142, 143, 144, 145, 147, 149], "summary": {"covered_lines": 19, "num_statements": 20, "percent_covered": 95.0, "percent_covered_display": "95", "missing_lines": 1, "excluded_lines": 0, "percent_statements_covered": 95.0, "percent_statements_covered_display": "95"}, "missing_lines": [148], "excluded_lines": [], "start_line": 87}, "_resolve_self_method": {"executed_lines": [164, 165, 166, 167, 172, 174, 175, 176], "summary": {"covered_lines": 8, "num_statements": 9, "percent_covered": 88.88888888888889, "percent_covered_display": "89", "missing_lines": 1, "excluded_lines": 0, "percent_statements_covered": 88.88888888888889, "percent_statements_covered_display": "89"}, "missing_lines": [173], "excluded_lines": [], "start_line": 151}, "_build_import_cache": {"executed_lines": [186, 187, 189, 190, 191, 192, 194, 195, 196, 199, 200, 201], "summary": {"covered_lines": 12, "num_statements": 14, "percent_covered": 85.71428571428571, "percent_covered_display": "86", "missing_lines": 2, "excluded_lines": 0, "percent_statements_covered": 85.71428571428571, "percent_statements_covered_display": "86"}, "missing_lines": [193, 197], "excluded_lines": [], "start_line": 178}, "_resolve_via_imports": {"executed_lines": [215, 216, 218, 219, 222, 223, 224, 225], "summary": {"covered_lines": 8, "num_statements": 10, "percent_covered": 80.0, "percent_covered_display": "80", "missing_lines": 2, "excluded_lines": 0, "percent_statements_covered": 80.0, "percent_statements_covered_display": "80"}, "missing_lines": [220, 227], "excluded_lines": [], "start_line": 204}, "_common_prefix_len": {"executed_lines": [231, 232, 233, 234, 235, 236, 238, 239], "summary": {"covered_lines": 8, "num_statements": 8, "percent_covered": 100.0, "percent_covered_display": "100", "missing_lines": 0, "excluded_lines": 0, "percent_statements_covered": 100.0, "percent_statements_covered_display": "100"}, "missing_lines": [], "excluded_lines": [], "start_line": 229}, "_pick_closest": {"executed_lines": [252, 253, 255, 256, 257, 259, 260, 261, 264, 265, 266, 268], "summary": {"covered_lines": 12, "num_statements": 14, "percent_covered": 85.71428571428571, "percent_covered_display": "86", "missing_lines": 2, "excluded_lines": 0, "percent_statements_covered": 85.71428571428571, "percent_statements_covered_display": "86"}, "missing_lines": [258, 263], "excluded_lines": [], "start_line": 242}, "_make_edge": {"executed_lines": [278, 279, 280, 281, 282], "summary": {"covered_lines": 5, "num_statements": 5, "percent_covered": 100.0, "percent_covered_display": "100", "missing_lines": 0, "excluded_lines": 0, "percent_statements_covered": 100.0, "percent_statements_covered_display": "100"}, "missing_lines": [], "excluded_lines": [], "start_line": 271}, "_resolve_receiver_method": {"executed_lines": [], "summary": {"covered_lines": 0, "num_statements": 16, "percent_covered": 0.0, "percent_covered_display": "0", "missing_lines": 16, "excluded_lines": 0, "percent_statements_covered": 0.0, "percent_statements_covered_display": "0"}, "missing_lines": [305, 306, 308, 309, 310, 315, 316, 317, 318, 319, 320, 321, 323, 324, 325, 332], "excluded_lines": [], "start_line": 291}, "resolve_file_calls": {"executed_lines": [346, 347, 348, 350, 351, 352, 354, 357, 366, 367, 372, 377, 378, 379, 380, 382, 383, 384, 385, 386, 390, 395, 396, 415, 416, 417, 447], "summary": {"covered_lines": 27, "num_statements": 61, "percent_covered": 44.26229508196721, "percent_covered_display": "44", "missing_lines": 34, "excluded_lines": 0, "percent_statements_covered": 44.26229508196721, "percent_statements_covered_display": "44"}, "missing_lines": [358, 364, 368, 369, 370, 391, 392, 393, 397, 398, 402, 403, 404, 405, 407, 411, 412, 413, 419, 424, 425, 426, 427, 429, 430, 431, 432, 436, 437, 438, 442, 443, 444, 445], "excluded_lines": [], "start_line": 335}, "process_calls": {"executed_lines": [479, 480, 482, 491, 496, 497, 498, 499, 500, 501, 502, 504, 505, 507, 508, 517], "summary": {"covered_lines": 16, "num_statements": 20, "percent_covered": 80.0, "percent_covered_display": "80", "missing_lines": 4, "excluded_lines": 0, "percent_statements_covered": 80.0, "percent_statements_covered_display": "80"}, "missing_lines": [483, 484, 485, 489], "excluded_lines": [], "start_line": 450}, "": {"executed_lines": [13, 15, 16, 17, 19, 20, 26, 27, 28, 34, 36, 38, 44, 54, 87, 151, 178, 204, 229, 242, 271, 291, 335, 450], "summary": {"covered_lines": 24, "num_statements": 24, "percent_covered": 100.0, "percent_covered_display": "100", "missing_lines": 0, "excluded_lines": 0, "percent_statements_covered": 100.0, "percent_statements_covered_display": "100"}, "missing_lines": [], "excluded_lines": [], "start_line": 1}}, "classes": {"": {"executed_lines": [13, 15, 16, 17, 19, 20, 26, 27, 28, 34, 36, 38, 44, 54, 87, 125, 126, 128, 129, 130, 131, 133, 134, 135, 137, 138, 139, 140, 142, 143, 144, 145, 147, 149, 151, 164, 165, 166, 167, 172, 174, 175, 176, 178, 186, 187, 189, 190, 191, 192, 194, 195, 196, 199, 200, 201, 204, 215, 216, 218, 219, 222, 223, 224, 225, 229, 231, 232, 233, 234, 235, 236, 238, 239, 242, 252, 253, 255, 256, 257, 259, 260, 261, 264, 265, 266, 268, 271, 278, 279, 280, 281, 282, 291, 335, 346, 347, 348, 350, 351, 352, 354, 357, 366, 367, 372, 377, 378, 379, 380, 382, 383, 384, 385, 386, 390, 395, 396, 415, 416, 417, 447, 450, 479, 480, 482, 491, 496, 497, 498, 499, 500, 501, 502, 504, 505, 507, 508, 517], "summary": {"covered_lines": 139, "num_statements": 201, "percent_covered": 69.1542288557214, "percent_covered_display": "69", "missing_lines": 62, "excluded_lines": 0, "percent_statements_covered": 69.1542288557214, "percent_statements_covered_display": "69"}, "missing_lines": [148, 173, 193, 197, 220, 227, 258, 263, 305, 306, 308, 309, 310, 315, 316, 317, 318, 319, 320, 321, 323, 324, 325, 332, 358, 364, 368, 369, 370, 391, 392, 393, 397, 398, 402, 403, 404, 405, 407, 411, 412, 413, 419, 424, 425, 426, 427, 429, 430, 431, 432, 436, 437, 438, 442, 443, 444, 445, 483, 484, 485, 489], "excluded_lines": [], "start_line": 1}}}, "src\\axon\\core\\ingestion\\community.py": {"executed_lines": [3, 5, 6, 7, 9, 10, 12, 13, 21, 23, 29, 34, 35, 38, 54, 55, 57, 58, 59, 60, 61, 63, 65, 66, 68, 69, 70, 71, 72, 73, 75, 76, 77, 78, 79, 80, 81, 83, 84, 85, 86, 87, 89, 91, 109, 110, 111, 112, 113, 114, 115, 117, 118, 120, 121, 123, 124, 126, 127, 129, 151, 153, 154, 158, 160, 161, 165, 166, 167, 168, 170, 172, 173, 174, 175, 177, 178, 180, 189, 191, 192, 193, 202, 203, 211, 214], "summary": {"covered_lines": 86, "num_statements": 86, "percent_covered": 100.0, "percent_covered_display": "100", "missing_lines": 0, "excluded_lines": 0, "percent_statements_covered": 100.0, "percent_statements_covered_display": "100"}, "missing_lines": [], "excluded_lines": [], "functions": {"export_to_igraph": {"executed_lines": [54, 55, 57, 58, 59, 60, 61, 63, 65, 66, 68, 69, 70, 71, 72, 73, 75, 76, 77, 78, 79, 80, 81, 83, 84, 85, 86, 87, 89], "summary": {"covered_lines": 29, "num_statements": 29, "percent_covered": 100.0, "percent_covered_display": "100", "missing_lines": 0, "excluded_lines": 0, "percent_statements_covered": 100.0, "percent_statements_covered_display": "100"}, "missing_lines": [], "excluded_lines": [], "start_line": 38}, "generate_label": {"executed_lines": [109, 110, 111, 112, 113, 114, 115, 117, 118, 120, 121, 123, 124, 126, 127], "summary": {"covered_lines": 15, "num_statements": 15, "percent_covered": 100.0, "percent_covered_display": "100", "missing_lines": 0, "excluded_lines": 0, "percent_statements_covered": 100.0, "percent_statements_covered_display": "100"}, "missing_lines": [], "excluded_lines": [], "start_line": 91}, "process_communities": {"executed_lines": [151, 153, 154, 158, 160, 161, 165, 166, 167, 168, 170, 172, 173, 174, 175, 177, 178, 180, 189, 191, 192, 193, 202, 203, 211, 214], "summary": {"covered_lines": 26, "num_statements": 26, "percent_covered": 100.0, "percent_covered_display": "100", "missing_lines": 0, "excluded_lines": 0, "percent_statements_covered": 100.0, "percent_statements_covered_display": "100"}, "missing_lines": [], "excluded_lines": [], "start_line": 129}, "": {"executed_lines": [3, 5, 6, 7, 9, 10, 12, 13, 21, 23, 29, 34, 35, 38, 91, 129], "summary": {"covered_lines": 16, "num_statements": 16, "percent_covered": 100.0, "percent_covered_display": "100", "missing_lines": 0, "excluded_lines": 0, "percent_statements_covered": 100.0, "percent_statements_covered_display": "100"}, "missing_lines": [], "excluded_lines": [], "start_line": 1}}, "classes": {"": {"executed_lines": [3, 5, 6, 7, 9, 10, 12, 13, 21, 23, 29, 34, 35, 38, 54, 55, 57, 58, 59, 60, 61, 63, 65, 66, 68, 69, 70, 71, 72, 73, 75, 76, 77, 78, 79, 80, 81, 83, 84, 85, 86, 87, 89, 91, 109, 110, 111, 112, 113, 114, 115, 117, 118, 120, 121, 123, 124, 126, 127, 129, 151, 153, 154, 158, 160, 161, 165, 166, 167, 168, 170, 172, 173, 174, 175, 177, 178, 180, 189, 191, 192, 193, 202, 203, 211, 214], "summary": {"covered_lines": 86, "num_statements": 86, "percent_covered": 100.0, "percent_covered_display": "100", "missing_lines": 0, "excluded_lines": 0, "percent_
[...]
_covered": 87.75510204081633, "percent_covered_display": "88", "missing_lines": 6, "excluded_lines": 0, "percent_statements_covered": 87.75510204081633, "percent_statements_covered_display": "88"}, "missing_lines": [33, 89, 90, 91, 92, 93], "excluded_lines": [], "functions": {"_extract_return_columns": {"executed_lines": [31, 32, 35, 36, 37, 38, 39, 40, 41, 43, 45], "summary": {"covered_lines": 11, "num_statements": 12, "percent_covered": 91.66666666666667, "percent_covered_display": "92", "missing_lines": 1, "excluded_lines": 0, "percent_statements_covered": 91.66666666666667, "percent_statements_covered_display": "92"}, "missing_lines": [33], "excluded_lines": [], "start_line": 25}, "execute_cypher": {"executed_lines": [51, 53, 54, 55, 63, 65, 66, 67, 68, 69, 70, 72, 73, 75, 77], "summary": {"covered_lines": 15, "num_statements": 15, "percent_covered": 100.0, "percent_covered_display": "100", "missing_lines": 0, "excluded_lines": 0, "percent_statements_covered": 100.0, "percent_statements_covered_display": "100"}, "missing_lines": [], "excluded_lines": [], "start_line": 49}, "_serialize_value": {"executed_lines": [87, 88], "summary": {"covered_lines": 2, "num_statements": 7, "percent_covered": 28.571428571428573, "percent_covered_display": "29", "missing_lines": 5, "excluded_lines": 0, "percent_statements_covered": 28.571428571428573, "percent_statements_covered_display": "29"}, "missing_lines": [89, 90, 91, 92, 93], "excluded_lines": [], "start_line": 85}, "": {"executed_lines": [3, 5, 6, 7, 9, 10, 12, 14, 16, 19, 22, 25, 48, 49, 85], "summary": {"covered_lines": 15, "num_statements": 15, "percent_covered": 100.0, "percent_covered_display": "100", "missing_lines": 0, "excluded_lines": 0, "percent_statements_covered": 100.0, "percent_statements_covered_display": "100"}, "missing_lines": [], "excluded_lines": [], "start_line": 1}}, "classes": {"CypherRequest": {"executed_lines": [], "summary": {"covered_lines": 0, "num_statements": 0, "percent_covered": 100.0, "percent_covered_display": "100", "missing_lines": 0, "excluded_lines": 0, "percent_statements_covered": 100.0, "percent_statements_covered_display": "100"}, "missing_lines": [], "excluded_lines": [], "start_line": 19}, "": {"executed_lines": [3, 5, 6, 7, 9, 10, 12, 14, 16, 19, 22, 25, 31, 32, 35, 36, 37, 38, 39, 40, 41, 43, 45, 48, 49, 51, 53, 54, 55, 63, 65, 66, 67, 68, 69, 70, 72, 73, 75, 77, 85, 87, 88], "summary": {"covered_lines": 43, "num_statements": 49, "percent_covered": 87.75510204081633, "percent_covered_display": "88", "missing_lines": 6, "excluded_lines": 0, "percent_statements_covered": 87.75510204081633, "percent_statements_covered_display": "88"}, "missing_lines": [33, 89, 90, 91, 92, 93], "excluded_lines": [], "start_line": 1}}}, "src\\axon\\web\\routes\\diff.py": {"executed_lines": [3, 5, 6, 8, 9, 11, 12, 14, 16, 20, 23, 26, 27, 29, 30, 31, 32, 34, 36, 39, 40, 42, 43, 44, 46, 48, 49, 50, 51, 58], "summary": {"covered_lines": 30, "num_statements": 37, "percent_covered": 81.08108108108108, "percent_covered_display": "81", "missing_lines": 7, "excluded_lines": 0, "percent_statements_covered": 81.08108108108108, "percent_statements_covered_display": "81"}, "missing_lines": [33, 35, 52, 53, 54, 55, 56], "excluded_lines": [], "functions": {"DiffRequest.validate_ref": {"executed_lines": [32, 34, 36], "summary": {"covered_lines": 3, "num_statements": 5, "percent_covered": 60.0, "percent_covered_display": "60", "missing_lines": 2, "excluded_lines": 0, "percent_statements_covered": 60.0, "percent_statements_covered_display": "60"}, "missing_lines": [33, 35], "excluded_lines": [], "start_line": 31}, "compute_diff": {"executed_lines": [42, 43, 44, 46, 48, 49, 50, 51, 58], "summary": {"covered_lines": 9, "num_statements": 14, "percent_covered": 64.28571428571429, "percent_covered_display": "64", "missing_lines": 5, "excluded_lines": 0, "percent_statements_covered": 64.28571428571429, "percent_statements_covered_display": "64"}, "missing_lines": [52, 53, 54, 55, 56], "excluded_lines": [], "start_line": 40}, "": {"executed_lines": [3, 5, 6, 8, 9, 11, 12, 14, 16, 20, 23, 26, 27, 29, 30, 31, 39, 40], "summary": {"covered_lines": 18, "num_statements": 18, "percent_covered": 100.0, "percent_covered_display": "100", "missing_lines": 0, "excluded_lines": 0, "percent_statements_covered": 100.0, "percent_statements_covered_display": "100"}, "missing_lines": [], "excluded_lines": [], "start_line": 1}}, "classes": {"DiffRequest": {"executed_lines": [32, 34, 36], "summary": {"covered_lines": 3, "num_statements": 5, "percent_covered": 60.0, "percent_covered_display": "60", "missing_lines": 2, "excluded_lines": 0, "percent_statements_covered": 60.0, "percent_statements_covered_display": "60"}, "missing_lines": [33, 35], "excluded_lines": [], "start_line": 23}, "": {"executed_lines": [3, 5, 6, 8, 9, 11, 12, 14, 16, 20, 23, 26, 27, 29, 30, 31, 39, 40, 42, 43, 44, 46, 48, 49, 50, 51, 58], "summary": {"covered_lines": 27, "num_statements": 32, "percent_covered": 84.375, "percent_covered_display": "84", "missing_lines": 5, "excluded_lines": 0, "percent_statements_covered": 84.375, "percent_statements_covered_display": "84"}, "missing_lines": [52, 53, 54, 55, 56], "excluded_lines": [], "start_line": 1}}}, "src\\axon\\web\\routes\\events.py": {"executed_lines": [3, 5, 6, 7, 8, 9, 11, 12, 14, 16, 20, 23, 29, 30, 53, 54, 56, 57], "summary": {"covered_lines": 18, "num_statements": 32, "percent_covered": 56.25, "percent_covered_display": "56", "missing_lines": 14, "excluded_lines": 0, "percent_statements_covered": 56.25, "percent_statements_covered_display": "56"}, "missing_lines": [32, 33, 34, 35, 36, 37, 38, 39, 43, 45, 46, 47, 49, 50], "excluded_lines": [], "functions": {"_event_generator": {"executed_lines": [29, 30], "summary": {"covered_lines": 2, "num_statements": 16, "percent_covered": 12.5, "percent_covered_display": "12", "missing_lines": 14, "excluded_lines": 0, "percent_statements_covered": 12.5, "percent_statements_covered_display": "12"}, "missing_lines": [32, 33, 34, 35, 36, 37, 38, 39, 43, 45, 46, 47, 49, 50], "excluded_lines": [], "start_line": 23}, "event_stream": {"executed_lines": [56, 57], "summary": {"covered_lines": 2, "num_statements": 2, "percent_covered": 100.0, "percent_covered_display": "100", "missing_lines": 0, "excluded_lines": 0, "percent_statements_covered": 100.0, "percent_statements_covered_display": "100"}, "missing_lines": [], "excluded_lines": [], "start_line": 54}, "": {"executed_lines": [3, 5, 6, 7, 8, 9, 11, 12, 14, 16, 20, 23, 53, 54], "summary": {"covered_lines": 14, "num_statements": 14, "percent_covered": 100.0, "percent_covered_display": "100", "missing_lines": 0, "excluded_lines": 0, "percent_statements_covered": 100.0, "percent_statements_covered_display": "100"}, "missing_lines": [], "excluded_lines": [], "start_line": 1}}, "classes": {"": {"executed_lines": [3, 5, 6, 7, 8, 9, 11, 12, 14, 16, 20, 23, 29, 30, 53, 54, 56, 57], "summary": {"covered_lines": 18, "num_statements": 32, "percent_covered": 56.25, "percent_covered_display": "56", "missing_lines": 14, "excluded_lines": 0, "percent_statements_covered": 56.25, "percent_statements_covered_display": "56"}, "missing_lines": [32, 33, 34, 35, 36, 37, 38, 39, 43, 45, 46, 47, 49, 50], "excluded_lines": [], "start_line": 1}}}, "src\\axon\\web\\routes\\files.py": {"executed_lines": [3, 5, 6, 8, 10, 12, 14, 50, 51, 52, 55, 56, 58, 60, 61, 68, 69, 70, 74, 80, 82, 84, 85, 86, 87, 88, 89, 97, 98, 99, 101, 102, 103, 106, 107, 108, 110, 111, 115, 124, 125, 126, 127, 134, 135, 136, 138, 139, 141, 144, 145, 150, 151, 152, 156, 157, 158, 159, 161, 162, 164, 165, 169], "summary": {"covered_lines": 63, "num_statements": 74, "percent_covered": 85.13513513513513, "percent_covered_display": "85", "missing_lines": 11, "excluded_lines": 0, "percent_statements_covered": 85.13513513513513, "percent_statements_covered_display": "85"}, "missing_lines": [65, 66, 75, 76, 77, 78, 104, 113, 137, 166, 167], "excluded_lines": [], "functions": {"_detect_language": {"executed_lines": [51, 52], "summary": {"covered_lines": 2, "num_statements": 2, "percent_covered": 100.0, "percent_covered_display": "100", "missing_lines": 0, "excluded_lines": 0, "percent_statements_covered": 100.0, "percent_statements_covered_display": "100"}, "missing_lines": [], "excluded_lines": [], "start_line": 50}, "get_tree": {"executed_lines": [58, 60, 61, 68, 69, 70, 74, 80, 82, 101, 102, 103, 106, 107, 108, 110, 111, 115, 124, 141], "summary": {"covered_lines": 20, "num_statements": 28, "percent_covered": 71.42857142857143, "percent_covered_display": "71", "missing_lines": 8, "excluded_lines": 0, "percent_statements_covered": 71.42857142857143, "percent_statements_covered_display": "71"}, "missing_lines": [65, 66, 75, 76, 77, 78, 104, 113], "excluded_lines": [], "start_line": 56}, "get_tree._ensure_path": {"executed_lines": [84, 85, 86, 87, 88, 89, 97, 98, 99], "summary": {"covered_lines": 9, "num_statements": 9, "percent_covered": 100.0, "percent_covered_display": "100", "missing_lines": 0, "excluded_lines": 0, "percent_statements_covered": 100.0, "percent_statements_covered_display": "100"}, "missing_lines": [], "excluded_lines": [], "start_line": 82}, "get_tree._dict_to_list": {"executed_lines": [125, 126, 127, 134, 135, 136, 138, 139], "summary": {"covered_lines": 8, "num_statements": 9, "percent_covered": 88.88888888888889, "percent_covered_display": "89", "missing_lines": 1, "excluded_lines": 0, "percent_statements_covered": 88.88888888888889, "percent_statements_covered_display": "89"}, "missing_lines": [137], "excluded_lines": [], "start_line": 124}, "get_file": {"executed_lines": [150, 151, 152, 156, 157, 158, 159, 161, 162, 164, 165, 169], "summary": {"covered_lines": 12, "num_statements": 14, "percent_covered": 85.71428571428571, "percent_covered_display": "86", "missing_lines": 2, "excluded_lines": 0, "percent_statements_covered": 85.71428571428571, "percent_statements_covered_display": "86"}, "missing_lines": [166, 167], "excluded_lines": [], "start_line": 145}, "": {"executed_lines": [3, 5, 6, 8, 10, 12, 14, 50, 55, 56, 144, 145], "summary": {"covered_lines": 12, "num_statements": 12, "percent_covered": 100.0, "percent_covered_display": "100", "missing_lines": 0, "excluded_lines": 0, "percent_statements_covered": 100.0, "percent_statements_covered_display": "100"}, "missing_lines": [], "excluded_lines": [], "start_line": 1}}, "classes": {"": {"executed_lines": [3, 5, 6, 8, 10, 12, 14, 50, 51, 52, 55, 56, 58, 60, 61, 68, 69, 70, 74, 80, 82, 84, 85, 86, 87, 88, 89, 97, 98, 99, 101, 102, 103, 106, 107, 108, 110, 111, 115, 124, 125, 126, 127, 134, 135, 136, 138, 139, 141, 144, 145, 150, 151, 152, 156, 157, 158, 159, 161, 162, 164, 165, 169], "summary": {"covered_lines": 63, "num_statements": 74, "percent_covered": 85.13513513513513, "percent_covered_display": "85", "missing_lines": 11, "excluded_lines": 0, "percent_statements_covered": 85.13513513513513, "percent_statements_covered_display": "85"}, "missing_lines": [65, 66, 75, 76, 77, 78, 104, 113, 137, 166, 167], "excluded_lines": [], "start_line": 1}}}, "src\\axon\\web\\routes\\graph.py": {"executed_lines": [3, 5, 7, 9, 11, 13, 16, 18, 34, 36, 47, 48, 50, 51, 52, 53, 54, 55, 57, 58, 60, 63, 64, 66, 69, 71, 72, 73, 75, 80, 85, 87, 89, 98, 99, 101, 103, 104, 105, 106, 109, 110, 111, 114, 115, 116, 117, 121, 122, 123, 124, 127, 128, 129, 130, 131, 135], "summary": {"covered_lines": 57, "num_statements": 63, "percent_covered": 90.47619047619048, "percent_covered_display": "90", "missing_lines": 6, "excluded_lines": 0, "percent_statements_covered": 90.47619047619048, "percent_statements_covered_display": "90"}, "missing_lines": [67, 112, 118, 119, 132, 133], "excluded_lines": [], "functions": {"_serialize_node": {"executed_lines": [18], "summary": {"covered_lines": 1, "num_statements": 1, "percent_covered": 100.0, "percent_covered_display": "100", "missing_lines": 0, "excluded_lines": 0, "percent_statements_covered": 100.0, "percent_statements_covered_display": "100"}, "missing_lines": [], "excluded_lines": [], "start_line": 16}, "_serialize_edge": {"executed_lines": [36], "summary": {"covered_lines": 1, "num_statements": 1, "percent_covered": 100.0, "percent_covered_display": "100", "missing_lines": 0, "excluded_lines": 0, "percent_statements_covered": 100.0, "percent_statements_covered_display": "100"}, "missing_lines": [], "excluded_lines": [], "start_line": 34}, "get_graph": {"executed_lines": [50, 51, 52, 53, 54, 55, 57, 58, 60], "summary": {"covered_lines": 9, "num_statements": 9, "percent_covered": 100.0, "percent_covered_display": "100", "missing_lines": 0, "excluded_lines": 0, "percent_statements_covered": 100.0, "percent_statements_covered_display": "100"}, "missing_lines": [], "excluded_lines": [], "start_line": 48}, "get_node": {"executed_lines": [66, 69, 71, 72, 73, 75, 80, 85, 87, 89], "summary": {"covered_lines": 10, "num_statements": 11, "percent_covered": 90.9090909090909, "percent_covered_display": "91", "missing_lines": 1, "excluded_lines": 0, "percent_statements_covered": 90.9090909090909, "percent_statements_covered_display": "91"}, "missing_lines": [67], "excluded_lines": [], "start_line": 64}, "get_overview": {"executed_lines": [101, 103, 104, 105, 106, 109, 110, 111, 114, 115, 116, 117, 121, 122, 123, 124, 127, 128, 129, 130, 131, 135], "summary": {"covered_lines": 22, "num_statements": 27, "percent_covered": 81.48148148148148, "percent_covered_display": "81", "missing_lines": 5, "excluded_lines": 0, "percent_statements_covered": 81.48148148148148, "percent_statements_covered_display": "81"}, "missing_lines": [112, 118, 119, 132, 133], "excluded_lines": [], "start_line": 99}, "": {"executed_lines": [3, 5, 7, 9, 11, 13, 16, 34, 47, 48, 63, 64, 98, 99], "summary": {"covered_lines": 14, "num_statements": 14, "percent_covered": 100.0, "percent_covered_display": "100", "missing_lines": 0, "excluded_lines": 0, "percent_statements_covered": 100.0, "percent_statements_covered_display": "100"}, "missing_lines": [], "excluded_lines": [], "start_line": 1}}, "classes": {"": {"executed_lines": [3, 5, 7, 9, 11, 13, 16, 18, 34, 36, 47, 48, 50, 51, 52, 53, 54, 55, 57, 58, 60, 63, 64, 66, 69, 71, 72, 73, 75, 80, 85, 87, 89, 98, 99, 101, 103, 104, 105, 106, 109, 110, 111, 114, 115, 116, 117, 121, 122, 123, 124, 127, 128, 129, 130, 131, 135], "summary": {"covered_lines": 57, "num_statements": 63, "percent_covered": 90.47619047619048, "percent_covered_display": "90", "missing_lines": 6, "excluded_lines": 0, "percent_statements_covered": 90.47619047619048, "percent_statements_covered_display": "90"}, "missing_lines": [67, 112, 118, 119, 132, 133], "excluded_lines": [], "start_line": 1}}}, "src\\axon\\web\\routes\\host.py": {"executed_lines": [3, 5, 7, 10, 11, 13], "summary": {"covered_lines": 6, "num_statements": 6, "percent_covered": 100.0, "percent_covered_display": "100", "missing_lines": 0, "excluded_lines": 0, "percent_statements_covered": 100.0, "percent_statements_covered_display": "100"}, "missing_lines": [], "excluded_lines": [], "functions": {"get_host_info": {"executed_lines": [13], "summary": {"covered_lines": 1, "num_statements": 1, "percent_covered": 100.0, "percent_covered_display": "100", "missing_lines": 0, "excluded_lines": 0, "percent_statements_covered": 100.0, "percent_statements_covered_display": "100"}, "missing_lines": [], "excluded_lines": [], "start_line": 11}, "": {"executed_lines": [3, 5, 7, 10, 11], "summary": {"covered_lines": 5, "num_statements": 5, "percent_covered": 100.0, "percent_covered_display": "100", "missing_lines": 0, "excluded_lines": 0, "percent_statements_covered": 100.0, "percent_statements_covered_display": "100"}, "missing_lines": [], "excluded_lines": [], "start_line": 1}}, "classes": {"": {"executed_lines": [3, 5, 7, 10, 11, 13], "summary": {"covered_lines": 6, "num_statements": 6, "percent_covered": 100.0, "percent_covered_display": "100", "missing_lines": 0, "excluded_lines": 0, "percent_statements_covered": 100.0, "percent_statements_covered_display": "100"}, "missing_lines": [], "excluded_lines": [], "start_line": 1}}}, "src\\axon\\web\\routes\\processes.py": {"executed_lines": [3, 5, 7, 9, 11, 14, 15, 17, 19, 20, 30, 31, 33, 34, 35, 36, 40, 44, 51], "summary": {"covered_lines": 19, "num_statements": 25, "percent_covered": 76.0, "percent_covered_display": "76", "missing_lines": 6, "excluded_lines": 0, "percent_statements_covered": 76.0, "percent_statements_covered_display": "76"}, "missing_lines": [26, 27, 28, 37, 38, 39], "excluded_lines": [], "functions": {"get_processes": {"executed_lines": [17, 19, 20, 30, 31, 33, 34, 35, 36, 40, 44, 51], "summary": {"covered_lines": 12, "num_statements": 18, "percent_covered": 66.66666666666667, "percent_covered_display": "67", "missing_lines": 6, "excluded_lines": 0, "percent_statements_covered": 66.66666666666667, "percent_statements_covered_display": "67"}, "missing_lines": [26, 27, 28, 37, 38, 39], "excluded_lines": [], "start_line": 15}, "": {"executed_lines": [3, 5, 7, 9, 11, 14, 15], "summary": {"covered_lines": 7, "num_statements": 7, "percent_covered": 100.0, "percent_covered_display": "100", "missing_lines": 0, "excluded_lines": 0, "percent_statements_covered": 100.0, "percent_statements_covered_display": "100"}, "missing_lines": [], "excluded_lines": [], "start_line": 1}}, "classes": {"": {"executed_lines": [3, 5, 7, 9, 11, 14, 15, 17, 19, 20, 30, 31, 33, 34, 35, 36, 40, 44, 51], "summary": {"covered_lines": 19, "num_statements": 25, "percent_covered": 76.0, "percent_covered_display": "76", "missing_lines": 6, "excluded_lines": 0, "percent_statements_covered": 76.0, "percent_statements_covered_display": "76"}, "missing_lines": [26, 27, 28, 37, 38, 39], "excluded_lines": [], "start_line": 1}}}, "src\\axon\\web\\routes\\search.py": {"executed_lines": [3, 5, 7, 8, 10, 11, 13, 15, 18, 21, 22, 25, 26, 28, 30, 31, 32, 34, 35, 41, 42, 43, 45], "summary": {"covered_lines": 23, "num_statements": 23, "percent_covered": 100.0, "percent_covered_display": "100", "missing_lines": 0, "excluded_lines": 0, "percent_statements_covered": 100.0, "percent_statements_covered_display": "100"}, "missing_lines": [], "excluded_lines": [], "functions": {"search": {"executed_lines": [28, 30, 31, 32, 34, 35, 41, 42, 43, 45], "summary": {"covered_lines": 10, "num_statements": 10, "percent_covered": 100.0, "percent_covered_display": "100", "missing_lines": 0, "excluded_lines": 0, "percent_statements_covered": 100.0, "percent_statements_covered_display": "100"}, "missing_lines": [], "excluded_lines": [], "start_line": 26}, "": {"executed_lines": [3, 5, 7, 8, 10, 11, 13, 15, 18, 21, 22, 25, 26], "summary": {"covered_lines": 13, "num_statements": 13, "percent_covered": 100.0, "percent_covered_display": "100", "missing_lines": 0, "excluded_lines": 0, "percent_statements_covered": 100.0, "percent_statements_covered_display": "100"}, "missing_lines": [], "excluded_lines": [], "start_line": 1}}, "classes": {"SearchRequest": {"executed_lines": [], "summary": {"covered_lines": 0, "num_statements": 0, "percent_covered": 100.0, "percent_covered_display": "100", "missing_lines": 0, "excluded_lines": 0, "percent_statements_covered": 100.0, "percent_statements_covered_display": "100"}, "missing_lines": [], "excluded_lines": [], "start_line": 18}, "": {"executed_lines": [3, 5, 7, 8, 10, 11, 13, 15, 18, 21, 22, 25, 26, 28, 30, 31, 32, 34, 35, 41, 42, 43, 45], "summary": {"covered_lines": 23, "num_statements": 23, "percent_covered": 100.0, "percent_covered_display": "100", "missing_lines": 0, "excluded_lines": 0, "percent_statements_covered": 100.0, "percent_statements_covered_display": "100"}, "missing_lines": [], "excluded_lines": [], "start_line": 1}}}}, "totals": {"covered_lines": 4348, "num_statements": 5544, "percent_covered": 78.42712842712842, "percent_covered_display": "78", "missing_lines": 1196, "excluded_lines": 75, "percent_statements_covered": 78.42712842712842, "percent_statements_covered_display": "78"}}